<?xml version="1.0" encoding="utf-8"?>
<!DOCTYPE coverage SYSTEM "http://cobertura.sourceforge.net/xml/coverage-04.dtd">
<coverage line-rate="0.39524838012959" branch-rate="1" lines-covered="2379" lines-valid="6019" branches-covered="0" branches-valid="0" complexity="1373" version="0" timestamp="1734512726">
  <sources />
  <packages>
    <package name="Menu-Test" line-rate="0.39524838012959" branch-rate="1" complexity="1373">
      <classes>
        <class name="" filename="C:\Users\User\Downloads\Laba1\Laba1\factory.cpp" line-rate="0.413793103448276" branch-rate="1" complexity="3">
          <methods>
            <method name="createMenuItem" signature="" line-rate="0" branch-rate="1" complexity="1">
              <lines>
                <line number="26" hits="0" branch="false" />
                <line number="27" hits="0" branch="false" />
                <line number="28" hits="0" branch="false" />
                <line number="30" hits="0" branch="false" />
                <line number="31" hits="0" branch="false" />
                <line number="34" hits="0" branch="false" />
                <line number="36" hits="0" branch="false" />
              </lines>
            </method>
            <method name="makeMenuCollection" signature="" line-rate="0.666666666666667" branch-rate="1" complexity="1">
              <lines>
                <line number="38" hits="1" branch="false" />
                <line number="39" hits="1" branch="false" />
                <line number="41" hits="1" branch="false" />
                <line number="43" hits="1" branch="false" />
                <line number="44" hits="0" branch="false" />
                <line number="45" hits="0" branch="false" />
                <line number="46" hits="1" branch="false" />
                <line number="47" hits="1" branch="false" />
                <line number="48" hits="1" branch="false" />
                <line number="49" hits="0" branch="false" />
                <line number="50" hits="0" branch="false" />
                <line number="51" hits="0" branch="false" />
                <line number="52" hits="1" branch="false" />
                <line number="54" hits="1" branch="false" />
                <line number="55" hits="1" branch="false" />
              </lines>
            </method>
            <method name="parseInput" signature="" line-rate="0.285714285714286" branch-rate="1" complexity="1">
              <lines>
                <line number="15" hits="1" branch="false" />
                <line number="16" hits="1" branch="false" />
                <line number="18" hits="0" branch="false" />
                <line number="19" hits="0" branch="false" />
                <line number="20" hits="0" branch="false" />
                <line number="22" hits="0" branch="false" />
                <line number="24" hits="0" branch="false" />
              </lines>
            </method>
          </methods>
          <lines>
            <line number="15" hits="1" branch="false" />
            <line number="16" hits="1" branch="false" />
            <line number="18" hits="0" branch="false" />
            <line number="19" hits="0" branch="false" />
            <line number="20" hits="0" branch="false" />
            <line number="22" hits="0" branch="false" />
            <line number="24" hits="0" branch="false" />
            <line number="26" hits="0" branch="false" />
            <line number="27" hits="0" branch="false" />
            <line number="28" hits="0" branch="false" />
            <line number="30" hits="0" branch="false" />
            <line number="31" hits="0" branch="false" />
            <line number="34" hits="0" branch="false" />
            <line number="36" hits="0" branch="false" />
            <line number="38" hits="1" branch="false" />
            <line number="39" hits="1" branch="false" />
            <line number="41" hits="1" branch="false" />
            <line number="43" hits="1" branch="false" />
            <line number="44" hits="0" branch="false" />
            <line number="45" hits="0" branch="false" />
            <line number="46" hits="1" branch="false" />
            <line number="47" hits="1" branch="false" />
            <line number="48" hits="1" branch="false" />
            <line number="49" hits="0" branch="false" />
            <line number="50" hits="0" branch="false" />
            <line number="51" hits="0" branch="false" />
            <line number="52" hits="1" branch="false" />
            <line number="54" hits="1" branch="false" />
            <line number="55" hits="1" branch="false" />
          </lines>
        </class>
        <class name="" filename="C:\Users\User\Downloads\Laba1\Laba1\utils.cpp" line-rate="0.595238095238095" branch-rate="1" complexity="4">
          <methods>
            <method name="validateArgs" signature="" line-rate="0.571428571428571" branch-rate="1" complexity="1">
              <lines>
                <line number="55" hits="1" branch="false" />
                <line number="56" hits="1" branch="false" />
                <line number="57" hits="0" branch="false" />
                <line number="59" hits="1" branch="false" />
                <line number="60" hits="0" branch="false" />
                <line number="61" hits="0" branch="false" />
                <line number="63" hits="1" branch="false" />
              </lines>
            </method>
            <method name="makeTimeFromString" signature="" line-rate="1" branch-rate="1" complexity="1">
              <lines>
                <line number="10" hits="1" branch="false" />
                <line number="11" hits="1" branch="false" />
                <line number="12" hits="1" branch="false" />
                <line number="13" hits="1" branch="false" />
                <line number="14" hits="1" branch="false" />
                <line number="15" hits="1" branch="false" />
                <line number="16" hits="1" branch="false" />
                <line number="17" hits="1" branch="false" />
                <line number="18" hits="1" branch="false" />
                <line number="19" hits="1" branch="false" />
              </lines>
            </method>
            <method name="divideStringIntoParameters" signature="" line-rate="0.785714285714286" branch-rate="1" complexity="1">
              <lines>
                <line number="21" hits="1" branch="false" />
                <line number="22" hits="1" branch="false" />
                <line number="23" hits="1" branch="false" />
                <line number="24" hits="1" branch="false" />
                <line number="25" hits="0" branch="false" />
                <line number="27" hits="1" branch="false" />
                <line number="28" hits="1" branch="false" />
                <line number="29" hits="1" branch="false" />
                <line number="30" hits="1" branch="false" />
                <line number="31" hits="1" branch="false" />
                <line number="32" hits="0" branch="false" />
                <line number="33" hits="0" branch="false" />
                <line number="34" hits="1" branch="false" />
                <line number="36" hits="1" branch="false" />
              </lines>
            </method>
            <method name="readFromFile" signature="" line-rate="0" branch-rate="1" complexity="1">
              <lines>
                <line number="38" hits="0" branch="false" />
                <line number="39" hits="0" branch="false" />
                <line number="40" hits="0" branch="false" />
                <line number="42" hits="0" branch="false" />
                <line number="44" hits="0" branch="false" />
                <line number="45" hits="0" branch="false" />
                <line number="46" hits="0" branch="false" />
                <line number="47" hits="0" branch="false" />
                <line number="50" hits="0" branch="false" />
                <line number="52" hits="0" branch="false" />
                <line number="53" hits="0" branch="false" />
              </lines>
            </method>
          </methods>
          <lines>
            <line number="10" hits="1" branch="false" />
            <line number="11" hits="1" branch="false" />
            <line number="12" hits="1" branch="false" />
            <line number="13" hits="1" branch="false" />
            <line number="14" hits="1" branch="false" />
            <line number="15" hits="1" branch="false" />
            <line number="16" hits="1" branch="false" />
            <line number="17" hits="1" branch="false" />
            <line number="18" hits="1" branch="false" />
            <line number="19" hits="1" branch="false" />
            <line number="21" hits="1" branch="false" />
            <line number="22" hits="1" branch="false" />
            <line number="23" hits="1" branch="false" />
            <line number="24" hits="1" branch="false" />
            <line number="25" hits="0" branch="false" />
            <line number="27" hits="1" branch="false" />
            <line number="28" hits="1" branch="false" />
            <line number="29" hits="1" branch="false" />
            <line number="30" hits="1" branch="false" />
            <line number="31" hits="1" branch="false" />
            <line number="32" hits="0" branch="false" />
            <line number="33" hits="0" branch="false" />
            <line number="34" hits="1" branch="false" />
            <line number="36" hits="1" branch="false" />
            <line number="38" hits="0" branch="false" />
            <line number="39" hits="0" branch="false" />
            <line number="40" hits="0" branch="false" />
            <line number="42" hits="0" branch="false" />
            <line number="44" hits="0" branch="false" />
            <line number="45" hits="0" branch="false" />
            <line number="46" hits="0" branch="false" />
            <line number="47" hits="0" branch="false" />
            <line number="50" hits="0" branch="false" />
            <line number="52" hits="0" branch="false" />
            <line number="53" hits="0" branch="false" />
            <line number="55" hits="1" branch="false" />
            <line number="56" hits="1" branch="false" />
            <line number="57" hits="0" branch="false" />
            <line number="59" hits="1" branch="false" />
            <line number="60" hits="0" branch="false" />
            <line number="61" hits="0" branch="false" />
            <line number="63" hits="1" branch="false" />
          </lines>
        </class>
        <class name="" filename="C:\Users\User\Downloads\Laba1\Menu-Test\test.cpp" line-rate="1" branch-rate="1" complexity="8">
          <methods>
            <method name="static void `dynamic initializer for 'BeverageTest_MakeBeverage_InvalidInput_Test::test_info_''" signature="()" line-rate="1" branch-rate="1" complexity="1">
              <lines>
                <line number="33" hits="1" branch="false" />
              </lines>
            </method>
            <method name="static void `dynamic initializer for 'DishTest_MakeDish_InvalidInput_Test::test_info_''" signature="()" line-rate="1" branch-rate="1" complexity="1">
              <lines>
                <line number="19" hits="1" branch="false" />
              </lines>
            </method>
            <method name="static void `dynamic initializer for 'FactoryTest_CreateMenuCollection_ValidInput_Test::test_info_''" signature="()" line-rate="1" branch-rate="1" complexity="1">
              <lines>
                <line number="53" hits="1" branch="false" />
              </lines>
            </method>
            <method name="static void `dynamic initializer for 'BeverageTest_MakeBeverage_ValidInput_Test::test_info_''" signature="()" line-rate="1" branch-rate="1" complexity="1">
              <lines>
                <line number="24" hits="1" branch="false" />
              </lines>
            </method>
            <method name="static void `dynamic initializer for 'DishTest_MakeDish_ValidInput_Test::test_info_''" signature="()" line-rate="1" branch-rate="1" complexity="1">
              <lines>
                <line number="10" hits="1" branch="false" />
              </lines>
            </method>
            <method name="static void `dynamic initializer for 'UtilsTest_DivideString_InvalidInput_Test::test_info_''" signature="()" line-rate="1" branch-rate="1" complexity="1">
              <lines>
                <line number="48" hits="1" branch="false" />
              </lines>
            </method>
            <method name="static void `dynamic initializer for 'UtilsTest_DivideString_ValidInput_Test::test_info_''" signature="()" line-rate="1" branch-rate="1" complexity="1">
              <lines>
                <line number="38" hits="1" branch="false" />
              </lines>
            </method>
            <method name="static void `dynamic initializer for 'FactoryTest_CreateMenuCollection_InvalidInput_Test::test_info_''" signature="()" line-rate="1" branch-rate="1" complexity="1">
              <lines>
                <line number="70" hits="1" branch="false" />
              </lines>
            </method>
          </methods>
          <lines>
            <line number="10" hits="1" branch="false" />
            <line number="19" hits="1" branch="false" />
            <line number="24" hits="1" branch="false" />
            <line number="33" hits="1" branch="false" />
            <line number="38" hits="1" branch="false" />
            <line number="48" hits="1" branch="false" />
            <line number="53" hits="1" branch="false" />
            <line number="70" hits="1" branch="false" />
          </lines>
        </class>
        <class name="" filename="d:\a\_work\1\s\thirdparty\googletest\googletest\include\gtest\gtest.h" line-rate="1" branch-rate="1" complexity="1">
          <methods>
            <method name="RUN_ALL_TESTS" signature="" line-rate="1" branch-rate="1" complexity="1">
              <lines />
            </method>
          </methods>
          <lines />
        </class>
        <class name="" filename="d:\a\_work\1\s\thirdparty\googletest\googletest\src\gtest_main.cc" line-rate="1" branch-rate="1" complexity="1">
          <methods>
            <method name="main" signature="" line-rate="1" branch-rate="1" complexity="1">
              <lines />
            </method>
          </methods>
          <lines />
        </class>
        <class name="" filename="d:\a\_work\1\s\thirdparty\googletest\googletest\src\gtest-death-test.cc" line-rate="1" branch-rate="1" complexity="1">
          <methods>
            <method name="static void `dynamic initializer for 'testing::internal::DeathTest::last_death_test_message_''" signature="()" line-rate="1" branch-rate="1" complexity="1">
              <lines />
            </method>
          </methods>
          <lines />
        </class>
        <class name="" filename="d:\a\_work\1\s\thirdparty\googletest\googletest\src\gtest-port.cc" line-rate="1" branch-rate="1" complexity="2">
          <methods>
            <method name="static void `dynamic initializer for 'testing::internal::ThreadLocalRegistryImpl::mutex_''" signature="()" line-rate="1" branch-rate="1" complexity="1">
              <lines />
            </method>
            <method name="static void `dynamic initializer for 'testing::internal::ThreadLocalRegistryImpl::thread_map_mutex_''" signature="()" line-rate="1" branch-rate="1" complexity="1">
              <lines />
            </method>
          </methods>
          <lines />
        </class>
        <class name="Beverage" filename="C:\Users\User\Downloads\Laba1\Laba1\Beverage.cpp" line-rate="0.8125" branch-rate="1" complexity="3">
          <methods>
            <method name="makeMenuFromString" signature="" line-rate="1" branch-rate="1" complexity="1">
              <lines>
                <line number="5" hits="1" branch="false" />
                <line number="6" hits="1" branch="false" />
                <line number="7" hits="1" branch="false" />
                <line number="8" hits="1" branch="false" />
                <line number="10" hits="1" branch="false" />
                <line number="11" hits="1" branch="false" />
                <line number="12" hits="1" branch="false" />
                <line number="13" hits="1" branch="false" />
                <line number="15" hits="1" branch="false" />
                <line number="16" hits="1" branch="false" />
              </lines>
            </method>
            <method name="showMenu" signature="" line-rate="0" branch-rate="1" complexity="1">
              <lines>
                <line number="18" hits="0" branch="false" />
                <line number="19" hits="0" branch="false" />
                <line number="20" hits="0" branch="false" />
              </lines>
            </method>
            <method name="getVolume" signature="" line-rate="1" branch-rate="1" complexity="1">
              <lines>
                <line number="22" hits="1" branch="false" />
                <line number="23" hits="1" branch="false" />
                <line number="24" hits="1" branch="false" />
              </lines>
            </method>
          </methods>
          <lines>
            <line number="5" hits="1" branch="false" />
            <line number="6" hits="1" branch="false" />
            <line number="7" hits="1" branch="false" />
            <line number="8" hits="1" branch="false" />
            <line number="10" hits="1" branch="false" />
            <line number="11" hits="1" branch="false" />
            <line number="12" hits="1" branch="false" />
            <line number="13" hits="1" branch="false" />
            <line number="15" hits="1" branch="false" />
            <line number="16" hits="1" branch="false" />
            <line number="18" hits="0" branch="false" />
            <line number="19" hits="0" branch="false" />
            <line number="20" hits="0" branch="false" />
            <line number="22" hits="1" branch="false" />
            <line number="23" hits="1" branch="false" />
            <line number="24" hits="1" branch="false" />
          </lines>
        </class>
        <class name="BeverageTest_MakeBeverage_InvalidInput_Test" filename="C:\Users\User\Downloads\Laba1\Menu-Test\test.cpp" line-rate="1" branch-rate="1" complexity="2">
          <methods>
            <method name="BeverageTest_MakeBeverage_InvalidInput_Test" signature="" line-rate="1" branch-rate="1" complexity="1">
              <lines>
                <line number="33" hits="1" branch="false" />
              </lines>
            </method>
            <method name="TestBody" signature="" line-rate="1" branch-rate="1" complexity="1">
              <lines>
                <line number="33" hits="1" branch="false" />
                <line number="34" hits="1" branch="false" />
                <line number="35" hits="1" branch="false" />
                <line number="36" hits="1" branch="false" />
              </lines>
            </method>
          </methods>
          <lines>
            <line number="33" hits="1" branch="false" />
            <line number="34" hits="1" branch="false" />
            <line number="35" hits="1" branch="false" />
            <line number="36" hits="1" branch="false" />
          </lines>
        </class>
        <class name="BeverageTest_MakeBeverage_ValidInput_Test" filename="C:\Users\User\Downloads\Laba1\Menu-Test\test.cpp" line-rate="1" branch-rate="1" complexity="2">
          <methods>
            <method name="BeverageTest_MakeBeverage_ValidInput_Test" signature="" line-rate="1" branch-rate="1" complexity="1">
              <lines>
                <line number="24" hits="1" branch="false" />
              </lines>
            </method>
            <method name="TestBody" signature="" line-rate="1" branch-rate="1" complexity="1">
              <lines>
                <line number="24" hits="1" branch="false" />
                <line number="25" hits="1" branch="false" />
                <line number="26" hits="1" branch="false" />
                <line number="28" hits="1" branch="false" />
                <line number="29" hits="1" branch="false" />
                <line number="30" hits="1" branch="false" />
                <line number="31" hits="1" branch="false" />
              </lines>
            </method>
          </methods>
          <lines>
            <line number="24" hits="1" branch="false" />
            <line number="25" hits="1" branch="false" />
            <line number="26" hits="1" branch="false" />
            <line number="28" hits="1" branch="false" />
            <line number="29" hits="1" branch="false" />
            <line number="30" hits="1" branch="false" />
            <line number="31" hits="1" branch="false" />
          </lines>
        </class>
        <class name="class testing::Test * testing::internal" filename="d:\a\_work\1\s\thirdparty\googletest\googletest\src\gtest.cc" line-rate="1" branch-rate="1" complexity="2">
          <methods>
            <method name="HandleExceptionsInMethodIfSupported&lt;testing::internal::TestFactoryBase,testing::Test *&gt;" signature="(...)" line-rate="1" branch-rate="1" complexity="1">
              <lines />
            </method>
            <method name="HandleSehExceptionsInMethodIfSupported&lt;testing::internal::TestFactoryBase,testing::Test *&gt;" signature="(...)" line-rate="1" branch-rate="1" complexity="1">
              <lines />
            </method>
          </methods>
          <lines />
        </class>
        <class name="const void * testing::internal" filename="d:\a\_work\1\s\thirdparty\googletest\googletest\include\gtest\internal\gtest-port.h" line-rate="1" branch-rate="1" complexity="1">
          <methods>
            <method name="ImplicitCast_&lt;void const *&gt;" signature="(...)" line-rate="1" branch-rate="1" complexity="1">
              <lines />
            </method>
          </methods>
          <lines />
        </class>
        <class name="Dish" filename="C:\Users\User\Downloads\Laba1\Laba1\Dish.cpp" line-rate="0.8125" branch-rate="1" complexity="3">
          <methods>
            <method name="getWeight" signature="" line-rate="1" branch-rate="1" complexity="1">
              <lines>
                <line number="21" hits="1" branch="false" />
                <line number="22" hits="1" branch="false" />
                <line number="23" hits="1" branch="false" />
              </lines>
            </method>
            <method name="showMenu" signature="" line-rate="0" branch-rate="1" complexity="1">
              <lines>
                <line number="18" hits="0" branch="false" />
                <line number="19" hits="0" branch="false" />
                <line number="20" hits="0" branch="false" />
              </lines>
            </method>
            <method name="makeMenuFromString" signature="" line-rate="1" branch-rate="1" complexity="1">
              <lines>
                <line number="5" hits="1" branch="false" />
                <line number="6" hits="1" branch="false" />
                <line number="7" hits="1" branch="false" />
                <line number="8" hits="1" branch="false" />
                <line number="10" hits="1" branch="false" />
                <line number="11" hits="1" branch="false" />
                <line number="12" hits="1" branch="false" />
                <line number="13" hits="1" branch="false" />
                <line number="15" hits="1" branch="false" />
                <line number="16" hits="1" branch="false" />
              </lines>
            </method>
          </methods>
          <lines>
            <line number="5" hits="1" branch="false" />
            <line number="6" hits="1" branch="false" />
            <line number="7" hits="1" branch="false" />
            <line number="8" hits="1" branch="false" />
            <line number="10" hits="1" branch="false" />
            <line number="11" hits="1" branch="false" />
            <line number="12" hits="1" branch="false" />
            <line number="13" hits="1" branch="false" />
            <line number="15" hits="1" branch="false" />
            <line number="16" hits="1" branch="false" />
            <line number="18" hits="0" branch="false" />
            <line number="19" hits="0" branch="false" />
            <line number="20" hits="0" branch="false" />
            <line number="21" hits="1" branch="false" />
            <line number="22" hits="1" branch="false" />
            <line number="23" hits="1" branch="false" />
          </lines>
        </class>
        <class name="DishTest_MakeDish_InvalidInput_Test" filename="C:\Users\User\Downloads\Laba1\Menu-Test\test.cpp" line-rate="1" branch-rate="1" complexity="2">
          <methods>
            <method name="TestBody" signature="" line-rate="1" branch-rate="1" complexity="1">
              <lines>
                <line number="19" hits="1" branch="false" />
                <line number="20" hits="1" branch="false" />
                <line number="21" hits="1" branch="false" />
                <line number="22" hits="1" branch="false" />
              </lines>
            </method>
            <method name="DishTest_MakeDish_InvalidInput_Test" signature="" line-rate="1" branch-rate="1" complexity="1">
              <lines>
                <line number="19" hits="1" branch="false" />
              </lines>
            </method>
          </methods>
          <lines>
            <line number="19" hits="1" branch="false" />
            <line number="20" hits="1" branch="false" />
            <line number="21" hits="1" branch="false" />
            <line number="22" hits="1" branch="false" />
          </lines>
        </class>
        <class name="DishTest_MakeDish_ValidInput_Test" filename="C:\Users\User\Downloads\Laba1\Menu-Test\test.cpp" line-rate="1" branch-rate="1" complexity="2">
          <methods>
            <method name="DishTest_MakeDish_ValidInput_Test" signature="" line-rate="1" branch-rate="1" complexity="1">
              <lines>
                <line number="10" hits="1" branch="false" />
              </lines>
            </method>
            <method name="TestBody" signature="" line-rate="1" branch-rate="1" complexity="1">
              <lines>
                <line number="10" hits="1" branch="false" />
                <line number="11" hits="1" branch="false" />
                <line number="12" hits="1" branch="false" />
                <line number="14" hits="1" branch="false" />
                <line number="15" hits="1" branch="false" />
                <line number="16" hits="1" branch="false" />
                <line number="17" hits="1" branch="false" />
              </lines>
            </method>
          </methods>
          <lines>
            <line number="10" hits="1" branch="false" />
            <line number="11" hits="1" branch="false" />
            <line number="12" hits="1" branch="false" />
            <line number="14" hits="1" branch="false" />
            <line number="15" hits="1" branch="false" />
            <line number="16" hits="1" branch="false" />
            <line number="17" hits="1" branch="false" />
          </lines>
        </class>
        <class name="FactoryTest_CreateMenuCollection_InvalidInput_Test" filename="C:\Users\User\Downloads\Laba1\Menu-Test\test.cpp" line-rate="1" branch-rate="1" complexity="2">
          <methods>
            <method name="TestBody" signature="" line-rate="1" branch-rate="1" complexity="1">
              <lines>
                <line number="70" hits="1" branch="false" />
                <line number="71" hits="1" branch="false" />
                <line number="72" hits="1" branch="false" />
                <line number="73" hits="1" branch="false" />
              </lines>
            </method>
            <method name="FactoryTest_CreateMenuCollection_InvalidInput_Test" signature="" line-rate="1" branch-rate="1" complexity="1">
              <lines>
                <line number="70" hits="1" branch="false" />
              </lines>
            </method>
          </methods>
          <lines>
            <line number="70" hits="1" branch="false" />
            <line number="71" hits="1" branch="false" />
            <line number="72" hits="1" branch="false" />
            <line number="73" hits="1" branch="false" />
          </lines>
        </class>
        <class name="FactoryTest_CreateMenuCollection_ValidInput_Test" filename="C:\Users\User\Downloads\Laba1\Menu-Test\test.cpp" line-rate="0.454545454545455" branch-rate="1" complexity="2">
          <methods>
            <method name="FactoryTest_CreateMenuCollection_ValidInput_Test" signature="" line-rate="1" branch-rate="1" complexity="1">
              <lines>
                <line number="53" hits="1" branch="false" />
              </lines>
            </method>
            <method name="TestBody" signature="" line-rate="0.454545454545455" branch-rate="1" complexity="1">
              <lines>
                <line number="53" hits="1" branch="false" />
                <line number="54" hits="1" branch="false" />
                <line number="58" hits="1" branch="false" />
                <line number="60" hits="1" branch="false" />
                <line number="61" hits="0" branch="false" />
                <line number="62" hits="0" branch="false" />
                <line number="63" hits="0" branch="false" />
                <line number="65" hits="0" branch="false" />
                <line number="66" hits="0" branch="false" />
                <line number="67" hits="0" branch="false" />
                <line number="68" hits="1" branch="false" />
              </lines>
            </method>
          </methods>
          <lines>
            <line number="53" hits="1" branch="false" />
            <line number="54" hits="1" branch="false" />
            <line number="58" hits="1" branch="false" />
            <line number="60" hits="1" branch="false" />
            <line number="61" hits="0" branch="false" />
            <line number="62" hits="0" branch="false" />
            <line number="63" hits="0" branch="false" />
            <line number="65" hits="0" branch="false" />
            <line number="66" hits="0" branch="false" />
            <line number="67" hits="0" branch="false" />
            <line number="68" hits="1" branch="false" />
          </lines>
        </class>
        <class name="int testing::internal" filename="d:\a\_work\1\s\thirdparty\googletest\googletest\src\gtest-internal-inl.h" line-rate="1" branch-rate="1" complexity="NaN">
          <methods />
          <lines />
        </class>
        <class name="InvalidStringFormatException" filename="C:\Users\User\Downloads\Laba1\Laba1\InvalidStringFormatException.h" line-rate="1" branch-rate="1" complexity="2">
          <methods>
            <method name="what" signature="" line-rate="1" branch-rate="1" complexity="1">
              <lines>
                <line number="16" hits="1" branch="false" />
                <line number="17" hits="1" branch="false" />
                <line number="18" hits="1" branch="false" />
              </lines>
            </method>
            <method name="InvalidStringFormatException" signature="" line-rate="1" branch-rate="1" complexity="1">
              <lines>
                <line number="13" hits="1" branch="false" />
                <line number="14" hits="1" branch="false" />
              </lines>
            </method>
          </methods>
          <lines>
            <line number="13" hits="1" branch="false" />
            <line number="14" hits="1" branch="false" />
            <line number="16" hits="1" branch="false" />
            <line number="17" hits="1" branch="false" />
            <line number="18" hits="1" branch="false" />
          </lines>
        </class>
        <class name="Menu" filename="C:\Users\User\Downloads\Laba1\Laba1\Menu.cpp" line-rate="0" branch-rate="1" complexity="1">
          <methods>
            <method name="showMenu" signature="" line-rate="0" branch-rate="1" complexity="1">
              <lines>
                <line number="4" hits="0" branch="false" />
                <line number="6" hits="0" branch="false" />
              </lines>
            </method>
          </methods>
          <lines>
            <line number="4" hits="0" branch="false" />
            <line number="6" hits="0" branch="false" />
          </lines>
        </class>
        <class name="Menu" filename="C:\Users\User\Downloads\Laba1\Laba1\Menu.h" line-rate="1" branch-rate="1" complexity="1">
          <methods>
            <method name="~Menu" signature="" line-rate="1" branch-rate="1" complexity="1">
              <lines>
                <line number="17" hits="1" branch="false" />
              </lines>
            </method>
          </methods>
          <lines>
            <line number="17" hits="1" branch="false" />
          </lines>
        </class>
        <class name="static bool testing" filename="d:\a\_work\1\s\thirdparty\googletest\googletest\src\gtest.cc" line-rate="1" branch-rate="1" complexity="3">
          <methods>
            <method name="TestPartFatallyFailed" signature="(...)" line-rate="1" branch-rate="1" complexity="1">
              <lines />
            </method>
            <method name="TestPartNonfatallyFailed" signature="(...)" line-rate="1" branch-rate="1" complexity="1">
              <lines />
            </method>
            <method name="ValidateTestPropertyName" signature="(...)" line-rate="1" branch-rate="1" complexity="1">
              <lines />
            </method>
          </methods>
          <lines />
        </class>
        <class name="static bool testing::`anonymous namespace'" filename="d:\a\_work\1\s\thirdparty\googletest\googletest\src\gtest.cc" line-rate="1" branch-rate="1" complexity="4">
          <methods>
            <method name="IsSubstringPred&lt;std::basic_string&lt;char,std::char_traits&lt;char&gt;,std::allocator&lt;char&gt; &gt; &gt;" signature="(...)" line-rate="1" branch-rate="1" complexity="1">
              <lines />
            </method>
            <method name="IsSubstringPred&lt;std::basic_string&lt;wchar_t,std::char_traits&lt;wchar_t&gt;,std::allocator&lt;wchar_t&gt; &gt; &gt;" signature="(...)" line-rate="1" branch-rate="1" complexity="1">
              <lines />
            </method>
            <method name="IsSubstringPred" signature="(...)" line-rate="1" branch-rate="1" complexity="1">
              <lines />
            </method>
            <method name="IsSubstringPred" signature="(...)" line-rate="1" branch-rate="1" complexity="1">
              <lines />
            </method>
          </methods>
          <lines />
        </class>
        <class name="static bool testing::internal" filename="d:\a\_work\1\s\thirdparty\googletest\googletest\src\gtest.cc" line-rate="1" branch-rate="1" complexity="9">
          <methods>
            <method name="ParseBoolFlag" signature="(...)" line-rate="1" branch-rate="1" complexity="1">
              <lines />
            </method>
            <method name="TestCaseFailed" signature="(...)" line-rate="1" branch-rate="1" complexity="1">
              <lines />
            </method>
            <method name="ParseGoogleTestFlag" signature="(...)" line-rate="1" branch-rate="1" complexity="1">
              <lines />
            </method>
            <method name="PortableLocaltime" signature="(...)" line-rate="1" branch-rate="1" complexity="1">
              <lines />
            </method>
            <method name="GTestIsInitialized" signature="()" line-rate="1" branch-rate="1" complexity="1">
              <lines />
            </method>
            <method name="ParseStringFlag&lt;std::basic_string&lt;char,std::char_traits&lt;char&gt;,std::allocator&lt;char&gt; &gt; &gt;" signature="(...)" line-rate="1" branch-rate="1" complexity="1">
              <lines />
            </method>
            <method name="TestCasePassed" signature="(...)" line-rate="1" branch-rate="1" complexity="1">
              <lines />
            </method>
            <method name="ShouldRunTestCase" signature="(...)" line-rate="1" branch-rate="1" complexity="1">
              <lines />
            </method>
            <method name="HasGoogleTestFlagPrefix" signature="(...)" line-rate="1" branch-rate="1" complexity="1">
              <lines />
            </method>
          </methods>
          <lines />
        </class>
        <class name="static bool testing::internal" filename="d:\a\_work\1\s\thirdparty\googletest\googletest\src\gtest-filepath.cc" line-rate="1" branch-rate="1" complexity="1">
          <methods>
            <method name="IsPathSeparator" signature="(...)" line-rate="1" branch-rate="1" complexity="1">
              <lines />
            </method>
          </methods>
          <lines />
        </class>
        <class name="static bool testing::internal::`anonymous namespace'" filename="d:\a\_work\1\s\thirdparty\googletest\googletest\src\gtest-printers.cc" line-rate="1" branch-rate="1" complexity="3">
          <methods>
            <method name="ContainsUnprintableControlCodes" signature="(...)" line-rate="1" branch-rate="1" complexity="1">
              <lines />
            </method>
            <method name="IsUTF8TrailByte" signature="(...)" line-rate="1" branch-rate="1" complexity="1">
              <lines />
            </method>
            <method name="IsValidUTF8" signature="(...)" line-rate="1" branch-rate="1" complexity="1">
              <lines />
            </method>
          </methods>
          <lines />
        </class>
        <class name="static class testing::AssertionResult testing::`anonymous namespace'" filename="d:\a\_work\1\s\thirdparty\googletest\googletest\src\gtest.cc" line-rate="1" branch-rate="1" complexity="4">
          <methods>
            <method name="IsSubstringImpl&lt;wchar_t const *&gt;" signature="(...)" line-rate="1" branch-rate="1" complexity="1">
              <lines />
            </method>
            <method name="IsSubstringImpl&lt;std::basic_string&lt;wchar_t,std::char_traits&lt;wchar_t&gt;,std::allocator&lt;wchar_t&gt; &gt; &gt;" signature="(...)" line-rate="1" branch-rate="1" complexity="1">
              <lines />
            </method>
            <method name="IsSubstringImpl&lt;std::basic_string&lt;char,std::char_traits&lt;char&gt;,std::allocator&lt;char&gt; &gt; &gt;" signature="(...)" line-rate="1" branch-rate="1" complexity="1">
              <lines />
            </method>
            <method name="IsSubstringImpl&lt;char const *&gt;" signature="(...)" line-rate="1" branch-rate="1" complexity="1">
              <lines />
            </method>
          </methods>
          <lines />
        </class>
        <class name="static class testing::AssertionResult testing::internal" filename="d:\a\_work\1\s\thirdparty\googletest\googletest\src\gtest.cc" line-rate="1" branch-rate="1" complexity="1">
          <methods>
            <method name="HasOneFailure" signature="(...)" line-rate="1" branch-rate="1" complexity="1">
              <lines />
            </method>
          </methods>
          <lines />
        </class>
        <class name="static class testing::AssertionResult testing::internal::`anonymous namespace'" filename="d:\a\_work\1\s\thirdparty\googletest\googletest\src\gtest.cc" line-rate="1" branch-rate="1" complexity="1">
          <methods>
            <method name="HRESULTFailureHelper" signature="(...)" line-rate="1" branch-rate="1" complexity="1">
              <lines />
            </method>
          </methods>
          <lines />
        </class>
        <class name="static const char * testing" filename="d:\a\_work\1\s\thirdparty\googletest\googletest\src\gtest.cc" line-rate="1" branch-rate="1" complexity="2">
          <methods>
            <method name="TestPartResultTypeToString" signature="(...)" line-rate="1" branch-rate="1" complexity="1">
              <lines />
            </method>
            <method name="GetDefaultFilter" signature="()" line-rate="1" branch-rate="1" complexity="1">
              <lines />
            </method>
          </methods>
          <lines />
        </class>
        <class name="static const char * testing::internal" filename="d:\a\_work\1\s\thirdparty\googletest\googletest\src\gtest.cc" line-rate="1" branch-rate="1" complexity="1">
          <methods>
            <method name="ParseFlagValue" signature="(...)" line-rate="1" branch-rate="1" complexity="1">
              <lines />
            </method>
          </methods>
          <lines />
        </class>
        <class name="static const char * testing::internal" filename="d:\a\_work\1\s\thirdparty\googletest\googletest\src\gtest-typed-test.cc" line-rate="1" branch-rate="1" complexity="1">
          <methods>
            <method name="SkipSpaces" signature="(...)" line-rate="1" branch-rate="1" complexity="1">
              <lines />
            </method>
          </methods>
          <lines />
        </class>
        <class name="static int testing::internal" filename="d:\a\_work\1\s\thirdparty\googletest\googletest\src\gtest.cc" line-rate="1" branch-rate="1" complexity="2">
          <methods>
            <method name="GetBitOffset" signature="(...)" line-rate="1" branch-rate="1" complexity="1">
              <lines />
            </method>
            <method name="SumOverTestCaseList" signature="(...)" line-rate="1" branch-rate="1" complexity="1">
              <lines />
            </method>
          </methods>
          <lines />
        </class>
        <class name="static int testing::internal" filename="d:\a\_work\1\s\thirdparty\googletest\googletest\src\gtest-death-test.cc" line-rate="1" branch-rate="1" complexity="1">
          <methods>
            <method name="GetStatusFileDescriptor" signature="(...)" line-rate="1" branch-rate="1" complexity="1">
              <lines />
            </method>
          </methods>
          <lines />
        </class>
        <class name="static struct _iobuf * testing::internal" filename="d:\a\_work\1\s\thirdparty\googletest\googletest\src\gtest.cc" line-rate="1" branch-rate="1" complexity="1">
          <methods>
            <method name="OpenFileForWriting" signature="(...)" line-rate="1" branch-rate="1" complexity="1">
              <lines />
            </method>
          </methods>
          <lines />
        </class>
        <class name="static testing::internal::CharFormat testing::internal" filename="d:\a\_work\1\s\thirdparty\googletest\googletest\src\gtest-printers.cc" line-rate="1" branch-rate="1" complexity="2">
          <methods>
            <method name="PrintAsStringLiteralTo" signature="(...)" line-rate="1" branch-rate="1" complexity="1">
              <lines />
            </method>
            <method name="PrintAsStringLiteralTo" signature="(...)" line-rate="1" branch-rate="1" complexity="1">
              <lines />
            </method>
          </methods>
          <lines />
        </class>
        <class name="static unsigned short testing::internal" filename="d:\a\_work\1\s\thirdparty\googletest\googletest\src\gtest.cc" line-rate="1" branch-rate="1" complexity="2">
          <methods>
            <method name="GetColorAttribute" signature="(...)" line-rate="1" branch-rate="1" complexity="1">
              <lines />
            </method>
            <method name="GetNewColor" signature="(...)" line-rate="1" branch-rate="1" complexity="1">
              <lines />
            </method>
          </methods>
          <lines />
        </class>
        <class name="static void testing" filename="d:\a\_work\1\s\thirdparty\googletest\googletest\src\gtest.cc" line-rate="1" branch-rate="1" complexity="16">
          <methods>
            <method name="`dynamic initializer for 'FLAGS_gtest_output''" signature="()" line-rate="1" branch-rate="1" complexity="1">
              <lines />
            </method>
            <method name="`dynamic initializer for 'FLAGS_gtest_color''" signature="()" line-rate="1" branch-rate="1" complexity="1">
              <lines />
            </method>
            <method name="`dynamic initializer for 'FLAGS_gtest_print_time''" signature="()" line-rate="1" branch-rate="1" complexity="1">
              <lines />
            </method>
            <method name="`dynamic initializer for 'FLAGS_gtest_filter''" signature="()" line-rate="1" branch-rate="1" complexity="1">
              <lines />
            </method>
            <method name="`dynamic initializer for 'FLAGS_gtest_stack_trace_depth''" signature="()" line-rate="1" branch-rate="1" complexity="1">
              <lines />
            </method>
            <method name="`dynamic initializer for 'FLAGS_gtest_break_on_failure''" signature="()" line-rate="1" branch-rate="1" complexity="1">
              <lines />
            </method>
            <method name="`dynamic initializer for 'FLAGS_gtest_flagfile''" signature="()" line-rate="1" branch-rate="1" complexity="1">
              <lines />
            </method>
            <method name="`dynamic initializer for 'FLAGS_gtest_print_utf8''" signature="()" line-rate="1" branch-rate="1" complexity="1">
              <lines />
            </method>
            <method name="`dynamic initializer for 'FLAGS_gtest_shuffle''" signature="()" line-rate="1" branch-rate="1" complexity="1">
              <lines />
            </method>
            <method name="`dynamic initializer for 'FLAGS_gtest_catch_exceptions''" signature="()" line-rate="1" branch-rate="1" complexity="1">
              <lines />
            </method>
            <method name="`dynamic initializer for 'FLAGS_gtest_stream_result_to''" signature="()" line-rate="1" branch-rate="1" complexity="1">
              <lines />
            </method>
            <method name="`dynamic initializer for 'FLAGS_gtest_random_seed''" signature="()" line-rate="1" branch-rate="1" complexity="1">
              <lines />
            </method>
            <method name="`dynamic initializer for 'FLAGS_gtest_throw_on_failure''" signature="()" line-rate="1" branch-rate="1" complexity="1">
              <lines />
            </method>
            <method name="`dynamic initializer for 'FLAGS_gtest_install_failure_signal_handler''" signature="()" line-rate="1" branch-rate="1" complexity="1">
              <lines />
            </method>
            <method name="`dynamic initializer for 'FLAGS_gtest_also_run_disabled_tests''" signature="()" line-rate="1" branch-rate="1" complexity="1">
              <lines />
            </method>
            <method name="`dynamic initializer for 'FLAGS_gtest_repeat''" signature="()" line-rate="1" branch-rate="1" complexity="1">
              <lines />
            </method>
          </methods>
          <lines />
        </class>
        <class name="static void testing" filename="d:\a\_work\1\s\thirdparty\googletest\googletest\src\gtest-death-test.cc" line-rate="1" branch-rate="1" complexity="2">
          <methods>
            <method name="`dynamic initializer for 'FLAGS_gtest_death_test_use_fork''" signature="()" line-rate="1" branch-rate="1" complexity="1">
              <lines />
            </method>
            <method name="`dynamic initializer for 'FLAGS_gtest_death_test_style''" signature="()" line-rate="1" branch-rate="1" complexity="1">
              <lines />
            </method>
          </methods>
          <lines />
        </class>
        <class name="static void testing::`anonymous namespace'" filename="d:\a\_work\1\s\thirdparty\googletest\googletest\src\gtest-printers.cc" line-rate="1" branch-rate="1" complexity="2">
          <methods>
            <method name="PrintBytesInObjectToImpl" signature="(...)" line-rate="1" branch-rate="1" complexity="1">
              <lines />
            </method>
            <method name="PrintByteSegmentInObjectTo" signature="(...)" line-rate="1" branch-rate="1" complexity="1">
              <lines />
            </method>
          </methods>
          <lines />
        </class>
        <class name="static void testing::internal" filename="d:\a\_work\1\s\thirdparty\googletest\googletest\src\gtest.cc" line-rate="1" branch-rate="1" complexity="12">
          <methods>
            <method name="StreamWideCharsToMessage" signature="(...)" line-rate="1" branch-rate="1" complexity="1">
              <lines />
            </method>
            <method name="SetUpEnvironment" signature="(...)" line-rate="1" branch-rate="1" complexity="1">
              <lines />
            </method>
            <method name="PrintOnOneLine" signature="(...)" line-rate="1" branch-rate="1" complexity="1">
              <lines />
            </method>
            <method name="`dynamic initializer for 'g_linked_ptr_mutex''" signature="()" line-rate="1" branch-rate="1" complexity="1">
              <lines />
            </method>
            <method name="`dynamic initializer for 'g_argvs''" signature="()" line-rate="1" branch-rate="1" complexity="1">
              <lines />
            </method>
            <method name="`dynamic initializer for 'kTestTypeIdInGoogleTest''" signature="()" line-rate="1" branch-rate="1" complexity="1">
              <lines />
            </method>
            <method name="PrintTestPartResult" signature="(...)" line-rate="1" branch-rate="1" complexity="1">
              <lines />
            </method>
            <method name="PrintFullTestCommentIfPresent" signature="(...)" line-rate="1" branch-rate="1" complexity="1">
              <lines />
            </method>
            <method name="ColoredPrintf" signature="(...)" line-rate="1" branch-rate="1" complexity="1">
              <lines />
            </method>
            <method name="LoadFlagsFromFile" signature="(...)" line-rate="1" branch-rate="1" complexity="1">
              <lines />
            </method>
            <method name="PrintColorEncoded" signature="(...)" line-rate="1" branch-rate="1" complexity="1">
              <lines />
            </method>
            <method name="TearDownEnvironment" signature="(...)" line-rate="1" branch-rate="1" complexity="1">
              <lines />
            </method>
          </methods>
          <lines />
        </class>
        <class name="static void testing::internal" filename="d:\a\_work\1\s\thirdparty\googletest\googletest\src\gtest-death-test.cc" line-rate="1" branch-rate="1" complexity="3">
          <methods>
            <method name="FailFromInternalError" signature="(...)" line-rate="1" branch-rate="1" complexity="1">
              <lines />
            </method>
            <method name="DeathTestAbort" signature="(...)" line-rate="1" branch-rate="1" complexity="1">
              <lines />
            </method>
            <method name="`dynamic initializer for 'FLAGS_gtest_internal_run_death_test''" signature="()" line-rate="1" branch-rate="1" complexity="1">
              <lines />
            </method>
          </methods>
          <lines />
        </class>
        <class name="static void testing::internal" filename="d:\a\_work\1\s\thirdparty\googletest\googletest\src\gtest-internal-inl.h" line-rate="1" branch-rate="1" complexity="4">
          <methods>
            <method name="Delete&lt;testing::TestCase&gt;" signature="(...)" line-rate="1" branch-rate="1" complexity="1">
              <lines />
            </method>
            <method name="Delete&lt;testing::Environment&gt;" signature="(...)" line-rate="1" branch-rate="1" complexity="1">
              <lines />
            </method>
            <method name="Delete&lt;testing::TestEventListener&gt;" signature="(...)" line-rate="1" branch-rate="1" complexity="1">
              <lines />
            </method>
            <method name="Delete&lt;testing::TestInfo&gt;" signature="(...)" line-rate="1" branch-rate="1" complexity="1">
              <lines />
            </method>
          </methods>
          <lines />
        </class>
        <class name="static void testing::internal" filename="d:\a\_work\1\s\thirdparty\googletest\googletest\src\gtest-port.cc" line-rate="1" branch-rate="1" complexity="1">
          <methods>
            <method name="CaptureStream" signature="(...)" line-rate="1" branch-rate="1" complexity="1">
              <lines />
            </method>
          </methods>
          <lines />
        </class>
        <class name="static void testing::internal" filename="d:\a\_work\1\s\thirdparty\googletest\googletest\src\gtest-printers.cc" line-rate="1" branch-rate="1" complexity="NaN">
          <methods />
          <lines />
        </class>
        <class name="static void testing::internal::`anonymous namespace'" filename="d:\a\_work\1\s\thirdparty\googletest\googletest\src\gtest-printers.cc" line-rate="1" branch-rate="1" complexity="1">
          <methods>
            <method name="ConditionalPrintAsText" signature="(...)" line-rate="1" branch-rate="1" complexity="1">
              <lines />
            </method>
          </methods>
          <lines />
        </class>
        <class name="testing" filename="d:\a\_work\1\s\thirdparty\googletest\googletest\include\gtest\gtest-message.h" line-rate="1" branch-rate="1" complexity="64">
          <methods>
            <method name="operator&lt;&lt;&lt;char [7]&gt;" signature="" line-rate="1" branch-rate="1" complexity="1">
              <lines />
            </method>
            <method name="operator&lt;&lt;&lt;char [41]&gt;" signature="" line-rate="1" branch-rate="1" complexity="1">
              <lines />
            </method>
            <method name="operator&lt;&lt;&lt;char [40]&gt;" signature="" line-rate="1" branch-rate="1" complexity="1">
              <lines />
            </method>
            <method name="operator&lt;&lt;&lt;char [47]&gt;" signature="" line-rate="1" branch-rate="1" complexity="1">
              <lines />
            </method>
            <method name="operator&lt;&lt;&lt;char [48]&gt;" signature="" line-rate="1" branch-rate="1" complexity="1">
              <lines />
            </method>
            <method name="operator&lt;&lt;&lt;char [6]&gt;" signature="" line-rate="1" branch-rate="1" complexity="1">
              <lines />
            </method>
            <method name="operator&lt;&lt;&lt;char [51]&gt;" signature="" line-rate="1" branch-rate="1" complexity="1">
              <lines />
            </method>
            <method name="operator&lt;&lt;&lt;char [50]&gt;" signature="" line-rate="1" branch-rate="1" complexity="1">
              <lines />
            </method>
            <method name="operator&lt;&lt;&lt;char [59]&gt;" signature="" line-rate="1" branch-rate="1" complexity="1">
              <lines />
            </method>
            <method name="operator&lt;&lt;&lt;char [5]&gt;" signature="" line-rate="1" branch-rate="1" complexity="1">
              <lines />
            </method>
            <method name="operator&lt;&lt;&lt;char [63]&gt;" signature="" line-rate="1" branch-rate="1" complexity="1">
              <lines />
            </method>
            <method name="operator&lt;&lt;&lt;char [62]&gt;" signature="" line-rate="1" branch-rate="1" complexity="1">
              <lines />
            </method>
            <method name="operator&lt;&lt;&lt;char [64]&gt;" signature="" line-rate="1" branch-rate="1" complexity="1">
              <lines />
            </method>
            <method name="operator&lt;&lt;&lt;char [68]&gt;" signature="" line-rate="1" branch-rate="1" complexity="1">
              <lines />
            </method>
            <method name="Message" signature="" line-rate="1" branch-rate="1" complexity="1">
              <lines />
            </method>
            <method name="operator&lt;&lt;&lt;char [4]&gt;" signature="" line-rate="1" branch-rate="1" complexity="1">
              <lines />
            </method>
            <method name="operator&lt;&lt;&lt;char [3]&gt;" signature="" line-rate="1" branch-rate="1" complexity="1">
              <lines />
            </method>
            <method name="operator&lt;&lt;&lt;unsigned int&gt;" signature="" line-rate="1" branch-rate="1" complexity="1">
              <lines />
            </method>
            <method name="operator&lt;&lt;&lt;testing::Message&gt;" signature="" line-rate="1" branch-rate="1" complexity="1">
              <lines />
            </method>
            <method name="operator&lt;&lt;&lt;char [2]&gt;" signature="" line-rate="1" branch-rate="1" complexity="1">
              <lines />
            </method>
            <method name="operator&lt;&lt;&lt;unsigned __int64&gt;" signature="" line-rate="1" branch-rate="1" complexity="1">
              <lines />
            </method>
            <method name="operator&lt;&lt;&lt;char [11]&gt;" signature="" line-rate="1" branch-rate="1" complexity="1">
              <lines />
            </method>
            <method name="operator&lt;&lt;&lt;char [10]&gt;" signature="" line-rate="1" branch-rate="1" complexity="1">
              <lines />
            </method>
            <method name="operator&lt;&lt;&lt;char [13]&gt;" signature="" line-rate="1" branch-rate="1" complexity="1">
              <lines />
            </method>
            <method name="operator&lt;&lt;&lt;char [12]&gt;" signature="" line-rate="1" branch-rate="1" complexity="1">
              <lines />
            </method>
            <method name="operator&lt;&lt;&lt;char [15]&gt;" signature="" line-rate="1" branch-rate="1" complexity="1">
              <lines />
            </method>
            <method name="operator&lt;&lt;&lt;char [14]&gt;" signature="" line-rate="1" branch-rate="1" complexity="1">
              <lines />
            </method>
            <method name="operator&lt;&lt;&lt;char [17]&gt;" signature="" line-rate="1" branch-rate="1" complexity="1">
              <lines />
            </method>
            <method name="operator&lt;&lt;&lt;char [16]&gt;" signature="" line-rate="1" branch-rate="1" complexity="1">
              <lines />
            </method>
            <method name="operator&lt;&lt;&lt;char [19]&gt;" signature="" line-rate="1" branch-rate="1" complexity="1">
              <lines />
            </method>
            <method name="operator&lt;&lt;&lt;char [18]&gt;" signature="" line-rate="1" branch-rate="1" complexity="1">
              <lines />
            </method>
            <method name="operator&lt;&lt;&lt;__int64&gt;" signature="" line-rate="1" branch-rate="1" complexity="1">
              <lines />
            </method>
            <method name="operator&lt;&lt;&lt;char [21]&gt;" signature="" line-rate="1" branch-rate="1" complexity="1">
              <lines />
            </method>
            <method name="operator&lt;&lt;&lt;char [20]&gt;" signature="" line-rate="1" branch-rate="1" complexity="1">
              <lines />
            </method>
            <method name="operator&lt;&lt;&lt;char [23]&gt;" signature="" line-rate="1" branch-rate="1" complexity="1">
              <lines />
            </method>
            <method name="operator&lt;&lt;&lt;char [22]&gt;" signature="" line-rate="1" branch-rate="1" complexity="1">
              <lines />
            </method>
            <method name="operator&lt;&lt;&lt;char [25]&gt;" signature="" line-rate="1" branch-rate="1" complexity="1">
              <lines />
            </method>
            <method name="operator&lt;&lt;&lt;char [24]&gt;" signature="" line-rate="1" branch-rate="1" complexity="1">
              <lines />
            </method>
            <method name="operator&lt;&lt;&lt;char [27]&gt;" signature="" line-rate="1" branch-rate="1" complexity="1">
              <lines />
            </method>
            <method name="operator&lt;&lt;&lt;char [29]&gt;" signature="" line-rate="1" branch-rate="1" complexity="1">
              <lines />
            </method>
            <method name="operator&lt;&lt;&lt;char [28]&gt;" signature="" line-rate="1" branch-rate="1" complexity="1">
              <lines />
            </method>
            <method name="operator&lt;&lt;&lt;char [31]&gt;" signature="" line-rate="1" branch-rate="1" complexity="1">
              <lines />
            </method>
            <method name="operator&lt;&lt;&lt;char [30]&gt;" signature="" line-rate="1" branch-rate="1" complexity="1">
              <lines />
            </method>
            <method name="operator&lt;&lt;&lt;char [33]&gt;" signature="" line-rate="1" branch-rate="1" complexity="1">
              <lines />
            </method>
            <method name="operator&lt;&lt;&lt;char [32]&gt;" signature="" line-rate="1" branch-rate="1" complexity="1">
              <lines />
            </method>
            <method name="operator&lt;&lt;&lt;char [35]&gt;" signature="" line-rate="1" branch-rate="1" complexity="1">
              <lines />
            </method>
            <method name="operator&lt;&lt;&lt;char [34]&gt;" signature="" line-rate="1" branch-rate="1" complexity="1">
              <lines />
            </method>
            <method name="operator&lt;&lt;&lt;char [37]&gt;" signature="" line-rate="1" branch-rate="1" complexity="1">
              <lines />
            </method>
            <method name="operator&lt;&lt;&lt;char [39]&gt;" signature="" line-rate="1" branch-rate="1" complexity="1">
              <lines />
            </method>
            <method name="operator&lt;&lt;&lt;char [38]&gt;" signature="" line-rate="1" branch-rate="1" complexity="1">
              <lines />
            </method>
            <method name="operator&lt;&lt;&lt;char [256]&gt;" signature="" line-rate="1" branch-rate="1" complexity="1">
              <lines />
            </method>
            <method name="operator&lt;&lt;&lt;testing::TestPartResult&gt;" signature="" line-rate="1" branch-rate="1" complexity="1">
              <lines />
            </method>
            <method name="operator&lt;&lt;&lt;char [4096]&gt;" signature="" line-rate="1" branch-rate="1" complexity="1">
              <lines />
            </method>
            <method name="operator&lt;&lt;&lt;double&gt;" signature="" line-rate="1" branch-rate="1" complexity="1">
              <lines />
            </method>
            <method name="operator&lt;&lt;&lt;std::_Smanip&lt;int&gt; &gt;" signature="" line-rate="1" branch-rate="1" complexity="1">
              <lines />
            </method>
            <method name="operator&lt;&lt;&lt;unsigned long&gt;" signature="" line-rate="1" branch-rate="1" complexity="1">
              <lines />
            </method>
            <method name="operator&lt;&lt;&lt;char const &gt;" signature="" line-rate="1" branch-rate="1" complexity="1">
              <lines />
            </method>
            <method name="operator&lt;&lt;&lt;char&gt;" signature="" line-rate="1" branch-rate="1" complexity="1">
              <lines />
            </method>
            <method name="operator&lt;&lt;&lt;char&gt;" signature="" line-rate="1" branch-rate="1" complexity="1">
              <lines />
            </method>
            <method name="operator&lt;&lt;&lt;std::basic_string&lt;char,std::char_traits&lt;char&gt;,std::allocator&lt;char&gt; &gt; &gt;" signature="" line-rate="1" branch-rate="1" complexity="1">
              <lines />
            </method>
            <method name="operator&lt;&lt;&lt;int&gt;" signature="" line-rate="1" branch-rate="1" complexity="1">
              <lines />
            </method>
            <method name="operator&lt;&lt;&lt;char [9]&gt;" signature="" line-rate="1" branch-rate="1" complexity="1">
              <lines />
            </method>
            <method name="operator&lt;&lt;&lt;char [8]&gt;" signature="" line-rate="1" branch-rate="1" complexity="1">
              <lines />
            </method>
            <method name="operator&lt;&lt;" signature="" line-rate="1" branch-rate="1" complexity="1">
              <lines />
            </method>
          </methods>
          <lines />
        </class>
        <class name="testing" filename="d:\a\_work\1\s\thirdparty\googletest\googletest\include\gtest\gtest-printers.h" line-rate="1" branch-rate="1" complexity="1">
          <methods>
            <method name="PrintToString&lt;__int64&gt;" signature="" line-rate="1" branch-rate="1" complexity="1">
              <lines />
            </method>
          </methods>
          <lines />
        </class>
        <class name="testing" filename="d:\a\_work\1\s\thirdparty\googletest\googletest\src\gtest.cc" line-rate="1" branch-rate="1" complexity="118">
          <methods>
            <method name="failed_test_case_count" signature="" line-rate="1" branch-rate="1" complexity="1">
              <lines />
            </method>
            <method name="successful_test_case_count" signature="" line-rate="1" branch-rate="1" complexity="1">
              <lines />
            </method>
            <method name="ad_hoc_test_result" signature="" line-rate="1" branch-rate="1" complexity="1">
              <lines />
            </method>
            <method name="UnitTest" signature="" line-rate="1" branch-rate="1" complexity="1">
              <lines />
            </method>
            <method name="reportable_disabled_test_count" signature="" line-rate="1" branch-rate="1" complexity="1">
              <lines />
            </method>
            <method name="Failed" signature="" line-rate="1" branch-rate="1" complexity="1">
              <lines />
            </method>
            <method name="GetInstance" signature="" line-rate="1" branch-rate="1" complexity="1">
              <lines />
            </method>
            <method name="RecordProperty" signature="" line-rate="1" branch-rate="1" complexity="1">
              <lines />
            </method>
            <method name="start_timestamp" signature="" line-rate="1" branch-rate="1" complexity="1">
              <lines />
            </method>
            <method name="GetTestCase" signature="" line-rate="1" branch-rate="1" complexity="1">
              <lines />
            </method>
            <method name="AddEnvironment" signature="" line-rate="1" branch-rate="1" complexity="1">
              <lines />
            </method>
            <method name="test_case_to_run_count" signature="" line-rate="1" branch-rate="1" complexity="1">
              <lines />
            </method>
            <method name="AddTestPartResult" signature="" line-rate="1" branch-rate="1" complexity="1">
              <lines />
            </method>
            <method name="~UnitTest" signature="" line-rate="1" branch-rate="1" complexity="1">
              <lines />
            </method>
            <method name="failed_test_count" signature="" line-rate="1" branch-rate="1" complexity="1">
              <lines />
            </method>
            <method name="successful_test_count" signature="" line-rate="1" branch-rate="1" complexity="1">
              <lines />
            </method>
            <method name="total_test_case_count" signature="" line-rate="1" branch-rate="1" complexity="1">
              <lines />
            </method>
            <method name="reportable_test_count" signature="" line-rate="1" branch-rate="1" complexity="1">
              <lines />
            </method>
            <method name="current_test_info" signature="" line-rate="1" branch-rate="1" complexity="1">
              <lines />
            </method>
            <method name="test_to_run_count" signature="" line-rate="1" branch-rate="1" complexity="1">
              <lines />
            </method>
            <method name="elapsed_time" signature="" line-rate="1" branch-rate="1" complexity="1">
              <lines />
            </method>
            <method name="listeners" signature="" line-rate="1" branch-rate="1" complexity="1">
              <lines />
            </method>
            <method name="Passed" signature="" line-rate="1" branch-rate="1" complexity="1">
              <lines />
            </method>
            <method name="Run" signature="" line-rate="1" branch-rate="1" complexity="1">
              <lines />
            </method>
            <method name="total_test_count" signature="" line-rate="1" branch-rate="1" complexity="1">
              <lines />
            </method>
            <method name="GetMutableTestCase" signature="" line-rate="1" branch-rate="1" complexity="1">
              <lines />
            </method>
            <method name="PopGTestTrace" signature="" line-rate="1" branch-rate="1" complexity="1">
              <lines />
            </method>
            <method name="current_test_case" signature="" line-rate="1" branch-rate="1" complexity="1">
              <lines />
            </method>
            <method name="parameterized_test_registry" signature="" line-rate="1" branch-rate="1" complexity="1">
              <lines />
            </method>
            <method name="original_working_dir" signature="" line-rate="1" branch-rate="1" complexity="1">
              <lines />
            </method>
            <method name="random_seed" signature="" line-rate="1" branch-rate="1" complexity="1">
              <lines />
            </method>
            <method name="PushGTestTrace" signature="" line-rate="1" branch-rate="1" complexity="1">
              <lines />
            </method>
            <method name="disabled_test_count" signature="" line-rate="1" branch-rate="1" complexity="1">
              <lines />
            </method>
            <method name="~Test" signature="" line-rate="1" branch-rate="1" complexity="1">
              <lines />
            </method>
            <method name="RecordProperty" signature="" line-rate="1" branch-rate="1" complexity="1">
              <lines />
            </method>
            <method name="RecordProperty" signature="" line-rate="1" branch-rate="1" complexity="1">
              <lines />
            </method>
            <method name="Test" signature="" line-rate="1" branch-rate="1" complexity="1">
              <lines />
            </method>
            <method name="HasNonfatalFailure" signature="" line-rate="1" branch-rate="1" complexity="1">
              <lines />
            </method>
            <method name="HasSameFixtureClass" signature="" line-rate="1" branch-rate="1" complexity="1">
              <lines />
            </method>
            <method name="SetUp" signature="" line-rate="1" branch-rate="1" complexity="1">
              <lines />
            </method>
            <method name="Run" signature="" line-rate="1" branch-rate="1" complexity="1">
              <lines />
            </method>
            <method name="TearDown" signature="" line-rate="1" branch-rate="1" complexity="1">
              <lines />
            </method>
            <method name="HasFatalFailure" signature="" line-rate="1" branch-rate="1" complexity="1">
              <lines />
            </method>
            <method name="IsNotSubstring" signature="" line-rate="1" branch-rate="1" complexity="1">
              <lines />
            </method>
            <method name="IsNotSubstring" signature="" line-rate="1" branch-rate="1" complexity="1">
              <lines />
            </method>
            <method name="IsNotSubstring" signature="" line-rate="1" branch-rate="1" complexity="1">
              <lines />
            </method>
            <method name="IsNotSubstring" signature="" line-rate="1" branch-rate="1" complexity="1">
              <lines />
            </method>
            <method name="AssertionSuccess" signature="" line-rate="1" branch-rate="1" complexity="1">
              <lines />
            </method>
            <method name="DoubleLE" signature="" line-rate="1" branch-rate="1" complexity="1">
              <lines />
            </method>
            <method name="ArrayAsVector&lt;6&gt;" signature="" line-rate="1" branch-rate="1" complexity="1">
              <lines />
            </method>
            <method name="IsSubstring" signature="" line-rate="1" branch-rate="1" complexity="1">
              <lines />
            </method>
            <method name="IsSubstring" signature="" line-rate="1" branch-rate="1" complexity="1">
              <lines />
            </method>
            <method name="IsSubstring" signature="" line-rate="1" branch-rate="1" complexity="1">
              <lines />
            </method>
            <method name="IsSubstring" signature="" line-rate="1" branch-rate="1" complexity="1">
              <lines />
            </method>
            <method name="ArrayAsVector&lt;8&gt;" signature="" line-rate="1" branch-rate="1" complexity="1">
              <lines />
            </method>
            <method name="InitGoogleTest" signature="" line-rate="1" branch-rate="1" complexity="1">
              <lines />
            </method>
            <method name="InitGoogleTest" signature="" line-rate="1" branch-rate="1" complexity="1">
              <lines />
            </method>
            <method name="AssertionFailure" signature="" line-rate="1" branch-rate="1" complexity="1">
              <lines />
            </method>
            <method name="AssertionFailure" signature="" line-rate="1" branch-rate="1" complexity="1">
              <lines />
            </method>
            <method name="FloatLE" signature="" line-rate="1" branch-rate="1" complexity="1">
              <lines />
            </method>
            <method name="TempDir" signature="" line-rate="1" branch-rate="1" complexity="1">
              <lines />
            </method>
            <method name="EventForwardingEnabled" signature="" line-rate="1" branch-rate="1" complexity="1">
              <lines />
            </method>
            <method name="SuppressEventForwarding" signature="" line-rate="1" branch-rate="1" complexity="1">
              <lines />
            </method>
            <method name="~TestEventListeners" signature="" line-rate="1" branch-rate="1" complexity="1">
              <lines />
            </method>
            <method name="TestEventListeners" signature="" line-rate="1" branch-rate="1" complexity="1">
              <lines />
            </method>
            <method name="repeater" signature="" line-rate="1" branch-rate="1" complexity="1">
              <lines />
            </method>
            <method name="Append" signature="" line-rate="1" branch-rate="1" complexity="1">
              <lines />
            </method>
            <method name="Release" signature="" line-rate="1" branch-rate="1" complexity="1">
              <lines />
            </method>
            <method name="SetDefaultResultPrinter" signature="" line-rate="1" branch-rate="1" complexity="1">
              <lines />
            </method>
            <method name="SetDefaultXmlGenerator" signature="" line-rate="1" branch-rate="1" complexity="1">
              <lines />
            </method>
            <method name="total_test_count" signature="" line-rate="1" branch-rate="1" complexity="1">
              <lines />
            </method>
            <method name="TestCase" signature="" line-rate="1" branch-rate="1" complexity="1">
              <lines />
            </method>
            <method name="Run" signature="" line-rate="1" branch-rate="1" complexity="1">
              <lines />
            </method>
            <method name="disabled_test_count" signature="" line-rate="1" branch-rate="1" complexity="1">
              <lines />
            </method>
            <method name="reportable_test_count" signature="" line-rate="1" branch-rate="1" complexity="1">
              <lines />
            </method>
            <method name="~TestCase" signature="" line-rate="1" branch-rate="1" complexity="1">
              <lines />
            </method>
            <method name="UnshuffleTests" signature="" line-rate="1" branch-rate="1" complexity="1">
              <lines />
            </method>
            <method name="test_to_run_count" signature="" line-rate="1" branch-rate="1" complexity="1">
              <lines />
            </method>
            <method name="successful_test_count" signature="" line-rate="1" branch-rate="1" complexity="1">
              <lines />
            </method>
            <method name="failed_test_count" signature="" line-rate="1" branch-rate="1" complexity="1">
              <lines />
            </method>
            <method name="ShuffleTests" signature="" line-rate="1" branch-rate="1" complexity="1">
              <lines />
            </method>
            <method name="AddTestInfo" signature="" line-rate="1" branch-rate="1" complexity="1">
              <lines />
            </method>
            <method name="reportable_disabled_test_count" signature="" line-rate="1" branch-rate="1" complexity="1">
              <lines />
            </method>
            <method name="GetTestInfo" signature="" line-rate="1" branch-rate="1" complexity="1">
              <lines />
            </method>
            <method name="GetMutableTestInfo" signature="" line-rate="1" branch-rate="1" complexity="1">
              <lines />
            </method>
            <method name="ClearResult" signature="" line-rate="1" branch-rate="1" complexity="1">
              <lines />
            </method>
            <method name="TestInfo" signature="" line-rate="1" branch-rate="1" complexity="1">
              <lines />
            </method>
            <method name="~TestInfo" signature="" line-rate="1" branch-rate="1" complexity="1">
              <lines />
            </method>
            <method name="Run" signature="" line-rate="1" branch-rate="1" complexity="1">
              <lines />
            </method>
            <method name="test_property_count" signature="" line-rate="1" branch-rate="1" complexity="1">
              <lines />
            </method>
            <method name="ValidateTestProperty" signature="" line-rate="1" branch-rate="1" complexity="1">
              <lines />
            </method>
            <method name="TestResult" signature="" line-rate="1" branch-rate="1" complexity="1">
              <lines />
            </method>
            <method name="GetTestProperty" signature="" line-rate="1" branch-rate="1" complexity="1">
              <lines />
            </method>
            <method name="Clear" signature="" line-rate="1" branch-rate="1" complexity="1">
              <lines />
            </method>
            <method name="ClearTestPartResults" signature="" line-rate="1" branch-rate="1" complexity="1">
              <lines />
            </method>
            <method name="GetTestPartResult" signature="" line-rate="1" branch-rate="1" complexity="1">
              <lines />
            </method>
            <method name="Failed" signature="" line-rate="1" branch-rate="1" complexity="1">
              <lines />
            </method>
            <method name="~TestResult" signature="" line-rate="1" branch-rate="1" complexity="1">
              <lines />
            </method>
            <method name="total_part_count" signature="" line-rate="1" branch-rate="1" complexity="1">
              <lines />
            </method>
            <method name="HasNonfatalFailure" signature="" line-rate="1" branch-rate="1" complexity="1">
              <lines />
            </method>
            <method name="HasFatalFailure" signature="" line-rate="1" branch-rate="1" complexity="1">
              <lines />
            </method>
            <method name="RecordProperty" signature="" line-rate="1" branch-rate="1" complexity="1">
              <lines />
            </method>
            <method name="AddTestPartResult" signature="" line-rate="1" branch-rate="1" complexity="1">
              <lines />
            </method>
            <method name="~ScopedFakeTestPartResultReporter" signature="" line-rate="1" branch-rate="1" complexity="1">
              <lines />
            </method>
[...]
              <lines />
            </method>
            <method name="parameterized_test_registry" signature="" line-rate="1" branch-rate="1" complexity="1">
              <lines />
            </method>
            <method name="environments" signature="" line-rate="1" branch-rate="1" complexity="1">
              <lines />
            </method>
            <method name="ad_hoc_test_result" signature="" line-rate="1" branch-rate="1" complexity="1">
              <lines />
            </method>
            <method name="set_current_test_case" signature="" line-rate="1" branch-rate="1" complexity="1">
              <lines />
            </method>
            <method name="set_catch_exceptions" signature="" line-rate="1" branch-rate="1" complexity="1">
              <lines />
            </method>
            <method name="death_test_factory" signature="" line-rate="1" branch-rate="1" complexity="1">
              <lines />
            </method>
            <method name="Failed" signature="" line-rate="1" branch-rate="1" complexity="1">
              <lines />
            </method>
            <method name="elapsed_time" signature="" line-rate="1" branch-rate="1" complexity="1">
              <lines />
            </method>
            <method name="start_timestamp" signature="" line-rate="1" branch-rate="1" complexity="1">
              <lines />
            </method>
            <method name="GetMutableTestCase" signature="" line-rate="1" branch-rate="1" complexity="1">
              <lines />
            </method>
            <method name="listeners" signature="" line-rate="1" branch-rate="1" complexity="1">
              <lines />
            </method>
            <method name="catch_exceptions" signature="" line-rate="1" branch-rate="1" complexity="1">
              <lines />
            </method>
            <method name="gtest_trace_stack" signature="" line-rate="1" branch-rate="1" complexity="1">
              <lines />
            </method>
            <method name="AddTestInfo" signature="" line-rate="1" branch-rate="1" complexity="1">
              <lines />
            </method>
            <method name="current_test_case" signature="" line-rate="1" branch-rate="1" complexity="1">
              <lines />
            </method>
            <method name="Passed" signature="" line-rate="1" branch-rate="1" complexity="1">
              <lines />
            </method>
            <method name="GetTestCase" signature="" line-rate="1" branch-rate="1" complexity="1">
              <lines />
            </method>
            <method name="random" signature="" line-rate="1" branch-rate="1" complexity="1">
              <lines />
            </method>
            <method name="internal_run_death_test_flag" signature="" line-rate="1" branch-rate="1" complexity="1">
              <lines />
            </method>
            <method name="current_test_info" signature="" line-rate="1" branch-rate="1" complexity="1">
              <lines />
            </method>
            <method name="current_test_info" signature="" line-rate="1" branch-rate="1" complexity="1">
              <lines />
            </method>
            <method name="InitDeathTestSubprocessControlInfo" signature="" line-rate="1" branch-rate="1" complexity="1">
              <lines />
            </method>
          </methods>
          <lines />
        </class>
        <class name="testing::internal.UnitTestOptions" filename="d:\a\_work\1\s\thirdparty\googletest\googletest\src\gtest.cc" line-rate="1" branch-rate="1" complexity="6">
          <methods>
            <method name="GetAbsolutePathToOutputFile" signature="" line-rate="1" branch-rate="1" complexity="1">
              <lines />
            </method>
            <method name="FilterMatchesTest" signature="" line-rate="1" branch-rate="1" complexity="1">
              <lines />
            </method>
            <method name="GTestShouldProcessSEH" signature="" line-rate="1" branch-rate="1" complexity="1">
              <lines />
            </method>
            <method name="MatchesFilter" signature="" line-rate="1" branch-rate="1" complexity="1">
              <lines />
            </method>
            <method name="PatternMatchesString" signature="" line-rate="1" branch-rate="1" complexity="1">
              <lines />
            </method>
            <method name="GetOutputFormat" signature="" line-rate="1" branch-rate="1" complexity="1">
              <lines />
            </method>
          </methods>
          <lines />
        </class>
        <class name="testing::internal.UniversalPrinter&lt;__int64&gt;" filename="d:\a\_work\1\s\thirdparty\googletest\googletest\include\gtest\gtest-printers.h" line-rate="1" branch-rate="1" complexity="1">
          <methods>
            <method name="Print" signature="" line-rate="1" branch-rate="1" complexity="1">
              <lines />
            </method>
          </methods>
          <lines />
        </class>
        <class name="testing::internal.UniversalPrinter&lt;std::basic_string&lt;wchar_t,std::char_traits&lt;wchar_t&gt;,std::allocator&lt;wchar_t&gt; &gt; &gt;" filename="d:\a\_work\1\s\thirdparty\googletest\googletest\include\gtest\gtest-printers.h" line-rate="1" branch-rate="1" complexity="1">
          <methods>
            <method name="Print" signature="" line-rate="1" branch-rate="1" complexity="1">
              <lines />
            </method>
          </methods>
          <lines />
        </class>
        <class name="testing::internal.UniversalTersePrinter&lt;__int64&gt;" filename="d:\a\_work\1\s\thirdparty\googletest\googletest\include\gtest\gtest-printers.h" line-rate="1" branch-rate="1" complexity="1">
          <methods>
            <method name="Print" signature="" line-rate="1" branch-rate="1" complexity="1">
              <lines />
            </method>
          </methods>
          <lines />
        </class>
        <class name="testing::internal.UniversalTersePrinter&lt;wchar_t const *&gt;" filename="d:\a\_work\1\s\thirdparty\googletest\googletest\include\gtest\gtest-printers.h" line-rate="1" branch-rate="1" complexity="1">
          <methods>
            <method name="Print" signature="(...)" line-rate="1" branch-rate="1" complexity="1">
              <lines />
            </method>
          </methods>
          <lines />
        </class>
        <class name="testing::internal.WindowsDeathTest" filename="d:\a\_work\1\s\thirdparty\googletest\googletest\src\gtest-death-test.cc" line-rate="1" branch-rate="1" complexity="3">
          <methods>
            <method name="Wait" signature="" line-rate="1" branch-rate="1" complexity="1">
              <lines />
            </method>
            <method name="AssumeRole" signature="" line-rate="1" branch-rate="1" complexity="1">
              <lines />
            </method>
            <method name="WindowsDeathTest" signature="" line-rate="1" branch-rate="1" complexity="1">
              <lines />
            </method>
          </methods>
          <lines />
        </class>
        <class name="testing::internal.XmlUnitTestResultPrinter" filename="d:\a\_work\1\s\thirdparty\googletest\googletest\src\gtest.cc" line-rate="1" branch-rate="1" complexity="16">
          <methods>
            <method name="OnTestIterationEnd" signature="" line-rate="1" branch-rate="1" complexity="1">
              <lines />
            </method>
            <method name="PrintXmlTestsList" signature="" line-rate="1" branch-rate="1" complexity="1">
              <lines />
            </method>
            <method name="ListTestsMatchingFilter" signature="" line-rate="1" branch-rate="1" complexity="1">
              <lines />
            </method>
            <method name="OutputXmlTestInfo" signature="" line-rate="1" branch-rate="1" complexity="1">
              <lines />
            </method>
            <method name="IsNormalizableWhitespace" signature="" line-rate="1" branch-rate="1" complexity="1">
              <lines />
            </method>
            <method name="OutputXmlAttribute" signature="" line-rate="1" branch-rate="1" complexity="1">
              <lines />
            </method>
            <method name="PrintXmlUnitTest" signature="" line-rate="1" branch-rate="1" complexity="1">
              <lines />
            </method>
            <method name="RemoveInvalidXmlCharacters" signature="" line-rate="1" branch-rate="1" complexity="1">
              <lines />
            </method>
            <method name="PrintXmlTestCase" signature="" line-rate="1" branch-rate="1" complexity="1">
              <lines />
            </method>
            <method name="IsValidXmlCharacter" signature="" line-rate="1" branch-rate="1" complexity="1">
              <lines />
            </method>
            <method name="OutputXmlCDataSection" signature="" line-rate="1" branch-rate="1" complexity="1">
              <lines />
            </method>
            <method name="EscapeXml" signature="" line-rate="1" branch-rate="1" complexity="1">
              <lines />
            </method>
            <method name="TestPropertiesAsXmlAttributes" signature="" line-rate="1" branch-rate="1" complexity="1">
              <lines />
            </method>
            <method name="OutputXmlTestProperties" signature="" line-rate="1" branch-rate="1" complexity="1">
              <lines />
            </method>
            <method name="EscapeXmlAttribute" signature="" line-rate="1" branch-rate="1" complexity="1">
              <lines />
            </method>
            <method name="XmlUnitTestResultPrinter" signature="" line-rate="1" branch-rate="1" complexity="1">
              <lines />
            </method>
          </methods>
          <lines />
        </class>
        <class name="testing::internal::`anonymous-namespace'.MemoryIsNotDeallocated" filename="d:\a\_work\1\s\thirdparty\googletest\googletest\src\gtest-port.cc" line-rate="1" branch-rate="1" complexity="2">
          <methods>
            <method name="~MemoryIsNotDeallocated" signature="()" line-rate="1" branch-rate="1" complexity="1">
              <lines />
            </method>
            <method name="MemoryIsNotDeallocated" signature="()" line-rate="1" branch-rate="1" complexity="1">
              <lines />
            </method>
          </methods>
          <lines />
        </class>
        <class name="testing::internal::`anonymous-namespace'.ThreadWithParamSupport" filename="d:\a\_work\1\s\thirdparty\googletest\googletest\src\gtest-port.cc" line-rate="1" branch-rate="1" complexity="2">
          <methods>
            <method name="CreateThread" signature="(...)" line-rate="1" branch-rate="1" complexity="1">
              <lines />
            </method>
            <method name="ThreadMain" signature="(...)" line-rate="1" branch-rate="1" complexity="1">
              <lines />
            </method>
          </methods>
          <lines />
        </class>
        <class name="testing::internal::`anonymous-namespace'.ThreadWithParamSupport::ThreadMainParam" filename="d:\a\_work\1\s\thirdparty\googletest\googletest\src\gtest-port.cc" line-rate="1" branch-rate="1" complexity="1">
          <methods>
            <method name="ThreadMainParam" signature="(...)" line-rate="1" branch-rate="1" complexity="1">
              <lines />
            </method>
          </methods>
          <lines />
        </class>
        <class name="testing::internal::edit_distance" filename="d:\a\_work\1\s\thirdparty\googletest\googletest\src\gtest.cc" line-rate="1" branch-rate="1" complexity="3">
          <methods>
            <method name="CalculateOptimalEdits" signature="" line-rate="1" branch-rate="1" complexity="1">
              <lines />
            </method>
            <method name="CalculateOptimalEdits" signature="" line-rate="1" branch-rate="1" complexity="1">
              <lines />
            </method>
            <method name="CreateUnifiedDiff" signature="" line-rate="1" branch-rate="1" complexity="1">
              <lines />
            </method>
          </methods>
          <lines />
        </class>
        <class name="testing::internal::edit_distance::`anonymous-namespace'.Hunk" filename="d:\a\_work\1\s\thirdparty\googletest\googletest\src\gtest.cc" line-rate="1" branch-rate="1" complexity="6">
          <methods>
            <method name="PrintTo" signature="(...)" line-rate="1" branch-rate="1" complexity="1">
              <lines />
            </method>
            <method name="FlushEdits" signature="()" line-rate="1" branch-rate="1" complexity="1">
              <lines />
            </method>
            <method name="PushLine" signature="(...)" line-rate="1" branch-rate="1" complexity="1">
              <lines />
            </method>
            <method name="PrintHeader" signature="(...)" line-rate="1" branch-rate="1" complexity="1">
              <lines />
            </method>
            <method name="Hunk" signature="(...)" line-rate="1" branch-rate="1" complexity="1">
              <lines />
            </method>
            <method name="has_edits" signature="()" line-rate="1" branch-rate="1" complexity="1">
              <lines />
            </method>
          </methods>
          <lines />
        </class>
        <class name="testing::internal::edit_distance::`anonymous-namespace'.InternalStrings" filename="d:\a\_work\1\s\thirdparty\googletest\googletest\src\gtest.cc" line-rate="1" branch-rate="1" complexity="1">
          <methods>
            <method name="GetId" signature="(...)" line-rate="1" branch-rate="1" complexity="1">
              <lines />
            </method>
          </methods>
          <lines />
        </class>
        <class name="testing::internal::posix" filename="d:\a\_work\1\s\thirdparty\googletest\googletest\include\gtest\internal\gtest-port.h" line-rate="1" branch-rate="1" complexity="15">
          <methods>
            <method name="Write" signature="" line-rate="1" branch-rate="1" complexity="1">
              <lines />
            </method>
            <method name="StrCaseCmp" signature="" line-rate="1" branch-rate="1" complexity="1">
              <lines />
            </method>
            <method name="IsATTY" signature="" line-rate="1" branch-rate="1" complexity="1">
              <lines />
            </method>
            <method name="Abort" signature="" line-rate="1" branch-rate="1" complexity="1">
              <lines />
            </method>
            <method name="Stat" signature="" line-rate="1" branch-rate="1" complexity="1">
              <lines />
            </method>
            <method name="FDOpen" signature="" line-rate="1" branch-rate="1" complexity="1">
              <lines />
            </method>
            <method name="FClose" signature="" line-rate="1" branch-rate="1" complexity="1">
              <lines />
            </method>
            <method name="Read" signature="" line-rate="1" branch-rate="1" complexity="1">
              <lines />
            </method>
            <method name="GetEnv" signature="" line-rate="1" branch-rate="1" complexity="1">
              <lines />
            </method>
            <method name="Close" signature="" line-rate="1" branch-rate="1" complexity="1">
              <lines />
            </method>
            <method name="StrDup" signature="" line-rate="1" branch-rate="1" complexity="1">
              <lines />
            </method>
            <method name="StrError" signature="" line-rate="1" branch-rate="1" complexity="1">
              <lines />
            </method>
            <method name="FOpen" signature="" line-rate="1" branch-rate="1" complexity="1">
              <lines />
            </method>
            <method name="FileNo" signature="" line-rate="1" branch-rate="1" complexity="1">
              <lines />
            </method>
            <method name="IsDir" signature="" line-rate="1" branch-rate="1" complexity="1">
              <lines />
            </method>
          </methods>
          <lines />
        </class>
        <class name="testing::internal2" filename="d:\a\_work\1\s\thirdparty\googletest\googletest\src\gtest-printers.cc" line-rate="1" branch-rate="1" complexity="1">
          <methods>
            <method name="PrintBytesInObjectTo" signature="" line-rate="1" branch-rate="1" complexity="1">
              <lines />
            </method>
          </methods>
          <lines />
        </class>
        <class name="testing_internal" filename="d:\a\_work\1\s\thirdparty\googletest\googletest\include\gtest\gtest-printers.h" line-rate="1" branch-rate="1" complexity="1">
          <methods>
            <method name="DefaultPrintNonContainerTo&lt;__int64&gt;" signature="" line-rate="1" branch-rate="1" complexity="1">
              <lines />
            </method>
          </methods>
          <lines />
        </class>
        <class name="UtilsTest_DivideString_InvalidInput_Test" filename="C:\Users\User\Downloads\Laba1\Menu-Test\test.cpp" line-rate="1" branch-rate="1" complexity="2">
          <methods>
            <method name="TestBody" signature="" line-rate="1" branch-rate="1" complexity="1">
              <lines>
                <line number="48" hits="1" branch="false" />
                <line number="49" hits="1" branch="false" />
                <line number="50" hits="1" branch="false" />
                <line number="51" hits="1" branch="false" />
              </lines>
            </method>
            <method name="UtilsTest_DivideString_InvalidInput_Test" signature="" line-rate="1" branch-rate="1" complexity="1">
              <lines>
                <line number="48" hits="1" branch="false" />
              </lines>
            </method>
          </methods>
          <lines>
            <line number="48" hits="1" branch="false" />
            <line number="49" hits="1" branch="false" />
            <line number="50" hits="1" branch="false" />
            <line number="51" hits="1" branch="false" />
          </lines>
        </class>
        <class name="UtilsTest_DivideString_ValidInput_Test" filename="C:\Users\User\Downloads\Laba1\Menu-Test\test.cpp" line-rate="1" branch-rate="1" complexity="2">
          <methods>
            <method name="TestBody" signature="" line-rate="1" branch-rate="1" complexity="1">
              <lines>
                <line number="38" hits="1" branch="false" />
                <line number="39" hits="1" branch="false" />
                <line number="40" hits="1" branch="false" />
                <line number="42" hits="1" branch="false" />
                <line number="43" hits="1" branch="false" />
                <line number="44" hits="1" branch="false" />
                <line number="45" hits="1" branch="false" />
                <line number="46" hits="1" branch="false" />
              </lines>
            </method>
            <method name="UtilsTest_DivideString_ValidInput_Test" signature="" line-rate="1" branch-rate="1" complexity="1">
              <lines>
                <line number="38" hits="1" branch="false" />
              </lines>
            </method>
          </methods>
          <lines>
            <line number="38" hits="1" branch="false" />
            <line number="39" hits="1" branch="false" />
            <line number="40" hits="1" branch="false" />
            <line number="42" hits="1" branch="false" />
            <line number="43" hits="1" branch="false" />
            <line number="44" hits="1" branch="false" />
            <line number="45" hits="1" branch="false" />
            <line number="46" hits="1" branch="false" />
          </lines>
        </class>
        <class name="void testing::internal" filename="d:\a\_work\1\s\thirdparty\googletest\googletest\src\gtest-internal-inl.h" line-rate="1" branch-rate="1" complexity="NaN">
          <methods />
          <lines />
        </class>
      </classes>
    </package>
  </packages>
</coverage>