<?xml version="1.0" encoding="utf-8" standalone="yes"?>
<coverage line-rate="0.34644351464435147" branch-rate="1" complexity="962" version="1.9" timestamp="1734487524" lines-covered="1656" lines-valid="4780">
  <packages>
    <package line-rate="0.34644351464435147" branch-rate="1" complexity="962" name="Menu-Test">
      <classes>
        <class line-rate="0.21818181818181817" branch-rate="1" complexity="17" name="testing::internal.FilePath" filename="d:\a\_work\1\s\thirdparty\googletest\googletest\src\gtest-filepath.cc">
          <methods>
            <method line-rate="0.86956521739130432" branch-rate="1" complexity="1" name="Normalize" signature="">
              <lines>
                <line number="354" hits="1" branch="False" />
                <line number="355" hits="1" branch="False" />
                <line number="356" hits="0" branch="False" />
                <line number="357" hits="0" branch="False" />
                <line number="359" hits="1" branch="False" />
                <line number="360" hits="1" branch="False" />
                <line number="361" hits="1" branch="False" />
                <line number="362" hits="1" branch="False" />
                <line number="364" hits="1" branch="False" />
                <line number="365" hits="1" branch="False" />
                <line number="366" hits="1" branch="False" />
                <line number="367" hits="1" branch="False" />
                <line number="368" hits="1" branch="False" />
                <line number="370" hits="1" branch="False" />
                <line number="371" hits="0" branch="False" />
                <line number="374" hits="1" branch="False" />
                <line number="375" hits="1" branch="False" />
                <line number="377" hits="1" branch="False" />
                <line number="378" hits="1" branch="False" />
                <line number="379" hits="1" branch="False" />
                <line number="380" hits="1" branch="False" />
                <line number="381" hits="1" branch="False" />
                <line number="382" hits="1" branch="False" />
              </lines>
            </method>
            <method line-rate="0" branch-rate="1" complexity="1" name="ConcatPaths" signature="">
              <lines>
                <line number="198" hits="0" branch="False" />
                <line number="199" hits="0" branch="False" />
                <line number="200" hits="0" branch="False" />
                <line number="201" hits="0" branch="False" />
                <line number="202" hits="0" branch="False" />
                <line number="203" hits="0" branch="False" />
              </lines>
            </method>
            <method line-rate="0" branch-rate="1" complexity="1" name="RemoveExtension" signature="">
              <lines>
                <line number="122" hits="0" branch="False" />
                <line number="123" hits="0" branch="False" />
                <line number="124" hits="0" branch="False" />
                <line number="125" hits="0" branch="False" />
                <line number="128" hits="0" branch="False" />
                <line number="129" hits="0" branch="False" />
              </lines>
            </method>
            <method line-rate="0" branch-rate="1" complexity="1" name="CreateDirectoriesRecursively" signature="">
              <lines>
                <line number="306" hits="0" branch="False" />
                <line number="307" hits="0" branch="False" />
                <line number="308" hits="0" branch="False" />
                <line number="311" hits="0" branch="False" />
                <line number="312" hits="0" branch="False" />
                <line number="315" hits="0" branch="False" />
                <line number="316" hits="0" branch="False" />
                <line number="317" hits="0" branch="False" />
              </lines>
            </method>
            <method line-rate="0" branch-rate="1" complexity="1" name="IsDirectory" signature="">
              <lines>
                <line number="298" hits="0" branch="False" />
                <line number="299" hits="0" branch="False" />
                <line number="301" hits="0" branch="False" />
              </lines>
            </method>
            <method line-rate="0" branch-rate="1" complexity="1" name="IsRootDirectory" signature="">
              <lines>
                <line number="251" hits="0" branch="False" />
                <line number="256" hits="0" branch="False" />
                <line number="260" hits="0" branch="False" />
              </lines>
            </method>
            <method line-rate="0" branch-rate="1" complexity="1" name="RemoveDirectoryName" signature="">
              <lines>
                <line number="153" hits="0" branch="False" />
                <line number="154" hits="0" branch="False" />
                <line number="155" hits="0" branch="False" />
                <line number="156" hits="0" branch="False" />
              </lines>
            </method>
            <method line-rate="1" branch-rate="1" complexity="1" name="GetCurrentDir" signature="">
              <lines>
                <line number="97" hits="1" branch="False" />
                <line number="103" hits="1" branch="False" />
                <line number="104" hits="1" branch="False" />
                <line number="116" hits="1" branch="False" />
              </lines>
            </method>
            <method line-rate="0" branch-rate="1" complexity="1" name="RemoveTrailingPathSeparator" signature="">
              <lines>
                <line number="344" hits="0" branch="False" />
                <line number="345" hits="0" branch="False" />
                <line number="348" hits="0" branch="False" />
              </lines>
            </method>
            <method line-rate="0" branch-rate="1" complexity="1" name="CreateFolder" signature="">
              <lines>
                <line number="323" hits="0" branch="False" />
                <line number="330" hits="0" branch="False" />
                <line number="335" hits="0" branch="False" />
                <line number="336" hits="0" branch="False" />
                <line number="338" hits="0" branch="False" />
                <line number="339" hits="0" branch="False" />
              </lines>
            </method>
            <method line-rate="0" branch-rate="1" complexity="1" name="MakeFileName" signature="">
              <lines>
                <line number="184" hits="0" branch="False" />
                <line number="185" hits="0" branch="False" />
                <line number="186" hits="0" branch="False" />
                <line number="187" hits="0" branch="False" />
                <line number="188" hits="0" branch="False" />
                <line number="189" hits="0" branch="False" />
                <line number="192" hits="0" branch="False" />
                <line number="193" hits="0" branch="False" />
              </lines>
            </method>
            <method line-rate="0" branch-rate="1" complexity="1" name="GenerateUniqueFileName" signature="">
              <lines>
                <line number="286" hits="0" branch="False" />
                <line number="287" hits="0" branch="False" />
                <line number="288" hits="0" branch="False" />
                <line number="290" hits="0" branch="False" />
                <line number="291" hits="0" branch="False" />
                <line number="292" hits="0" branch="False" />
                <line number="293" hits="0" branch="False" />
              </lines>
            </method>
            <method line-rate="0" branch-rate="1" complexity="1" name="FileOrDirectoryExists" signature="">
              <lines>
                <line number="207" hits="0" branch="False" />
                <line number="215" hits="0" branch="False" />
                <line number="217" hits="0" branch="False" />
              </lines>
            </method>
            <method line-rate="0" branch-rate="1" complexity="1" name="RemoveFileName" signature="">
              <lines>
                <line number="164" hits="0" branch="False" />
                <line number="165" hits="0" branch="False" />
                <line number="166" hits="0" branch="False" />
                <line number="167" hits="0" branch="False" />
                <line number="168" hits="0" branch="False" />
                <line number="169" hits="0" branch="False" />
                <line number="170" hits="0" branch="False" />
                <line number="172" hits="0" branch="False" />
                <line number="173" hits="0" branch="False" />
              </lines>
            </method>
            <method line-rate="0" branch-rate="1" complexity="1" name="DirectoryExists" signature="">
              <lines>
                <line number="221" hits="0" branch="False" />
                <line number="222" hits="0" branch="False" />
                <line number="226" hits="0" branch="False" />
                <line number="242" hits="0" branch="False" />
                <line number="246" hits="0" branch="False" />
                <line number="247" hits="0" branch="False" />
              </lines>
            </method>
            <method line-rate="0" branch-rate="1" complexity="1" name="FindLastPathSeparator" signature="">
              <lines>
                <line number="134" hits="0" branch="False" />
                <line number="135" hits="0" branch="False" />
                <line number="137" hits="0" branch="False" />
                <line number="139" hits="0" branch="False" />
                <line number="141" hits="0" branch="False" />
                <line number="144" hits="0" branch="False" />
                <line number="145" hits="0" branch="False" />
              </lines>
            </method>
            <method line-rate="0" branch-rate="1" complexity="1" name="IsAbsolutePath" signature="">
              <lines>
                <line number="263" hits="0" branch="False" />
                <line number="264" hits="0" branch="False" />
                <line number="266" hits="0" branch="False" />
                <line number="274" hits="0" branch="False" />
              </lines>
            </method>
          </methods>
          <lines>
            <line number="97" hits="1" branch="False" />
            <line number="103" hits="1" branch="False" />
            <line number="104" hits="1" branch="False" />
            <line number="116" hits="1" branch="False" />
            <line number="122" hits="0" branch="False" />
            <line number="123" hits="0" branch="False" />
            <line number="124" hits="0" branch="False" />
            <line number="125" hits="0" branch="False" />
            <line number="128" hits="0" branch="False" />
            <line number="129" hits="0" branch="False" />
            <line number="134" hits="0" branch="False" />
            <line number="135" hits="0" branch="False" />
            <line number="137" hits="0" branch="False" />
            <line number="139" hits="0" branch="False" />
            <line number="141" hits="0" branch="False" />
            <line number="144" hits="0" branch="False" />
            <line number="145" hits="0" branch="False" />
            <line number="153" hits="0" branch="False" />
            <line number="154" hits="0" branch="False" />
            <line number="155" hits="0" branch="False" />
            <line number="156" hits="0" branch="False" />
            <line number="164" hits="0" branch="False" />
            <line number="165" hits="0" branch="False" />
            <line number="166" hits="0" branch="False" />
            <line number="167" hits="0" branch="False" />
            <line number="168" hits="0" branch="False" />
            <line number="169" hits="0" branch="False" />
            <line number="170" hits="0" branch="False" />
            <line number="172" hits="0" branch="False" />
            <line number="173" hits="0" branch="False" />
            <line number="184" hits="0" branch="False" />
            <line number="185" hits="0" branch="False" />
            <line number="186" hits="0" branch="False" />
            <line number="187" hits="0" branch="False" />
            <line number="188" hits="0" branch="False" />
            <line number="189" hits="0" branch="False" />
            <line number="192" hits="0" branch="False" />
            <line number="193" hits="0" branch="False" />
            <line number="198" hits="0" branch="False" />
            <line number="199" hits="0" branch="False" />
            <line number="200" hits="0" branch="False" />
            <line number="201" hits="0" branch="False" />
            <line number="202" hits="0" branch="False" />
            <line number="203" hits="0" branch="False" />
            <line number="207" hits="0" branch="False" />
            <line number="215" hits="0" branch="False" />
            <line number="217" hits="0" branch="False" />
            <line number="221" hits="0" branch="False" />
            <line number="222" hits="0" branch="False" />
            <line number="226" hits="0" branch="False" />
            <line number="242" hits="0" branch="False" />
            <line number="246" hits="0" branch="False" />
            <line number="247" hits="0" branch="False" />
            <line number="251" hits="0" branch="False" />
            <line number="256" hits="0" branch="False" />
            <line number="260" hits="0" branch="False" />
            <line number="263" hits="0" branch="False" />
            <line number="264" hits="0" branch="False" />
            <line number="266" hits="0" branch="False" />
            <line number="274" hits="0" branch="False" />
            <line number="286" hits="0" branch="False" />
            <line number="287" hits="0" branch="False" />
            <line number="288" hits="0" branch="False" />
            <line number="290" hits="0" branch="False" />
            <line number="291" hits="0" branch="False" />
            <line number="292" hits="0" branch="False" />
            <line number="293" hits="0" branch="False" />
            <line number="298" hits="0" branch="False" />
            <line number="299" hits="0" branch="False" />
            <line number="301" hits="0" branch="False" />
            <line number="306" hits="0" branch="False" />
            <line number="307" hits="0" branch="False" />
            <line number="308" hits="0" branch="False" />
            <line number="311" hits="0" branch="False" />
            <line number="312" hits="0" branch="False" />
            <line number="315" hits="0" branch="False" />
            <line number="316" hits="0" branch="False" />
            <line number="317" hits="0" branch="False" />
            <line number="323" hits="0" branch="False" />
            <line number="330" hits="0" branch="False" />
            <line number="335" hits="0" branch="False" />
            <line number="336" hits="0" branch="False" />
            <line number="338" hits="0" branch="False" />
            <line number="339" hits="0" branch="False" />
            <line number="344" hits="0" branch="False" />
            <line number="345" hits="0" branch="False" />
            <line number="348" hits="0" branch="False" />
            <line number="354" hits="1" branch="False" />
            <line number="355" hits="1" branch="False" />
            <line number="356" hits="0" branch="False" />
            <line number="357" hits="0" branch="False" />
            <line number="359" hits="1" branch="False" />
            <line number="360" hits="1" branch="False" />
            <line number="361" hits="1" branch="False" />
            <line number="362" hits="1" branch="False" />
            <line number="364" hits="1" branch="False" />
            <line number="365" hits="1" branch="False" />
            <line number="366" hits="1" branch="False" />
            <line number="367" hits="1" branch="False" />
            <line number="368" hits="1" branch="False" />
            <line number="370" hits="1" branch="False" />
            <line number="371" hits="0" branch="False" />
            <line number="374" hits="1" branch="False" />
            <line number="375" hits="1" branch="False" />
            <line number="377" hits="1" branch="False" />
            <line number="378" hits="1" branch="False" />
            <line number="379" hits="1" branch="False" />
            <line number="380" hits="1" branch="False" />
            <line number="381" hits="1" branch="False" />
            <line number="382" hits="1" branch="False" />
          </lines>
        </class>
        <class line-rate="0.088235294117647065" branch-rate="1" complexity="9" name="testing::internal" filename="d:\a\_work\1\s\thirdparty\googletest\googletest\src\gtest-internal-inl.h">
          <methods>
            <method line-rate="0" branch-rate="1" complexity="1" name="GetRandomSeedFromFlag" signature="">
              <lines>
                <line number="129" hits="0" branch="False" />
                <line number="130" hits="0" branch="False" />
                <line number="138" hits="0" branch="False" />
                <line number="139" hits="0" branch="False" />
                <line number="140" hits="0" branch="False" />
              </lines>
            </method>
            <method line-rate="0" branch-rate="1" complexity="1" name="ParseNaturalNumber&lt;int&gt;" signature="">
              <lines>
                <line number="969" hits="0" branch="False" />
                <line number="973" hits="0" branch="False" />
                <line number="974" hits="0" branch="False" />
                <line number="976" hits="0" branch="False" />
                <line number="986" hits="0" branch="False" />
                <line number="995" hits="0" branch="False" />
                <line number="999" hits="0" branch="False" />
                <line number="1001" hits="0" branch="False" />
                <line number="1002" hits="0" branch="False" />
                <line number="1003" hits="0" branch="False" />
                <line number="1004" hits="0" branch="False" />
                <line number="1006" hits="0" branch="False" />
                <line number="1007" hits="0" branch="False" />
              </lines>
            </method>
            <method line-rate="1" branch-rate="1" complexity="1" name="GetUnitTestImpl" signature="">
              <lines>
                <line number="929" hits="1" branch="False" />
                <line number="930" hits="1" branch="False" />
                <line number="931" hits="1" branch="False" />
              </lines>
            </method>
            <method line-rate="0" branch-rate="1" complexity="1" name="Shuffle&lt;int&gt;" signature="">
              <lines>
                <line number="329" hits="0" branch="False" />
                <line number="330" hits="0" branch="False" />
                <line number="331" hits="0" branch="False" />
              </lines>
            </method>
            <method line-rate="1" branch-rate="1" complexity="1" name="GetElementOr&lt;int&gt;" signature="">
              <lines>
                <line number="299" hits="1" branch="False" />
                <line number="300" hits="1" branch="False" />
                <line number="301" hits="1" branch="False" />
              </lines>
            </method>
            <method line-rate="0" branch-rate="1" complexity="1" name="ShuffleRange&lt;int&gt;" signature="">
              <lines>
                <line number="309" hits="0" branch="False" />
                <line number="310" hits="0" branch="False" />
                <line number="311" hits="0" branch="False" />
                <line number="314" hits="0" branch="False" />
                <line number="320" hits="0" branch="False" />
                <line number="321" hits="0" branch="False" />
                <line number="322" hits="0" branch="False" />
                <line number="323" hits="0" branch="False" />
                <line number="324" hits="0" branch="False" />
                <line number="325" hits="0" branch="False" />
              </lines>
            </method>
            <method line-rate="0" branch-rate="1" complexity="1" name="GetNextRandomSeed" signature="">
              <lines>
                <line number="145" hits="0" branch="False" />
                <line number="146" hits="0" branch="False" />
                <line number="149" hits="0" branch="False" />
                <line number="150" hits="0" branch="False" />
                <line number="151" hits="0" branch="False" />
              </lines>
            </method>
            <method line-rate="0" branch-rate="1" complexity="1" name="ParseNaturalNumber&lt;unsigned __int64&gt;" signature="">
              <lines>
                <line number="969" hits="0" branch="False" />
                <line number="973" hits="0" branch="False" />
                <line number="974" hits="0" branch="False" />
                <line number="976" hits="0" branch="False" />
                <line number="986" hits="0" branch="False" />
                <line number="995" hits="0" branch="False" />
                <line number="999" hits="0" branch="False" />
                <line number="1001" hits="0" branch="False" />
                <line number="1002" hits="0" branch="False" />
                <line number="1003" hits="0" branch="False" />
                <line number="1004" hits="0" branch="False" />
                <line number="1006" hits="0" branch="False" />
                <line number="1007" hits="0" branch="False" />
              </lines>
            </method>
            <method line-rate="0" branch-rate="1" complexity="1" name="ParseNaturalNumber&lt;unsigned int&gt;" signature="">
              <lines>
                <line number="969" hits="0" branch="False" />
                <line number="973" hits="0" branch="False" />
                <line number="974" hits="0" branch="False" />
                <line number="976" hits="0" branch="False" />
                <line number="986" hits="0" branch="False" />
                <line number="995" hits="0" branch="False" />
                <line number="999" hits="0" branch="False" />
                <line number="1001" hits="0" branch="False" />
                <line number="1002" hits="0" branch="False" />
                <line number="1003" hits="0" branch="False" />
                <line number="1004" hits="0" branch="False" />
                <line number="1006" hits="0" branch="False" />
                <line number="1007" hits="0" branch="False" />
              </lines>
            </method>
          </methods>
          <lines>
            <line number="129" hits="0" branch="False" />
            <line number="130" hits="0" branch="False" />
            <line number="138" hits="0" branch="False" />
            <line number="139" hits="0" branch="False" />
            <line number="140" hits="0" branch="False" />
            <line number="145" hits="0" branch="False" />
            <line number="146" hits="0" branch="False" />
            <line number="149" hits="0" branch="False" />
            <line number="150" hits="0" branch="False" />
            <line number="151" hits="0" branch="False" />
            <line number="299" hits="1" branch="False" />
            <line number="300" hits="1" branch="False" />
            <line number="301" hits="1" branch="False" />
            <line number="309" hits="0" branch="False" />
            <line number="310" hits="0" branch="False" />
            <line number="311" hits="0" branch="False" />
            <line number="314" hits="0" branch="False" />
            <line number="320" hits="0" branch="False" />
            <line number="321" hits="0" branch="False" />
            <line number="322" hits="0" branch="False" />
            <line number="323" hits="0" branch="False" />
            <line number="324" hits="0" branch="False" />
            <line number="325" hits="0" branch="False" />
            <line number="329" hits="0" branch="False" />
            <line number="330" hits="0" branch="False" />
            <line number="331" hits="0" branch="False" />
            <line number="929" hits="1" branch="False" />
            <line number="930" hits="1" branch="False" />
            <line number="931" hits="1" branch="False" />
            <line number="969" hits="0" branch="False" />
            <line number="973" hits="0" branch="False" />
            <line number="974" hits="0" branch="False" />
            <line number="976" hits="0" branch="False" />
            <line number="986" hits="0" branch="False" />
            <line number="995" hits="0" branch="False" />
            <line number="999" hits="0" branch="False" />
            <line number="1001" hits="0" branch="False" />
            <line number="1002" hits="0" branch="False" />
            <line number="1003" hits="0" branch="False" />
            <line number="1004" hits="0" branch="False" />
            <line number="1006" hits="0" branch="False" />
            <line number="1007" hits="0" branch="False" />
          </lines>
        </class>
        <class line-rate="1" branch-rate="1" complexity="16" name="static void testing" filename="d:\a\_work\1\s\thirdparty\googletest\googletest\src\gtest.cc">
          <methods>
            <method line-rate="1" branch-rate="1" complexity="1" name="`dynamic initializer for 'FLAGS_gtest_output''" signature="()">
              <lines>
                <line number="273" hits="1" branch="False" />
                <line number="284" hits="1" branch="False" />
              </lines>
            </method>
            <method line-rate="1" branch-rate="1" complexity="1" name="`dynamic initializer for 'FLAGS_gtest_color''" signature="()">
              <lines>
                <line number="241" hits="1" branch="False" />
                <line number="247" hits="1" branch="False" />
              </lines>
            </method>
            <method line-rate="1" branch-rate="1" complexity="1" name="`dynamic initializer for 'FLAGS_gtest_print_time''" signature="()">
              <lines>
                <line number="286" hits="1" branch="False" />
                <line number="290" hits="1" branch="False" />
              </lines>
            </method>
            <method line-rate="1" branch-rate="1" complexity="1" name="`dynamic initializer for 'FLAGS_gtest_filter''" signature="()">
              <lines>
                <line number="249" hits="1" branch="False" />
                <line number="256" hits="1" branch="False" />
              </lines>
            </method>
            <method line-rate="1" branch-rate="1" complexity="1" name="`dynamic initializer for 'FLAGS_gtest_stack_trace_depth''" signature="()">
              <lines>
                <line number="321" hits="1" branch="False" />
                <line number="325" hits="1" branch="False" />
              </lines>
            </method>
            <method line-rate="1" branch-rate="1" complexity="1" name="`dynamic initializer for 'FLAGS_gtest_break_on_failure''" signature="()">
              <lines>
                <line number="230" hits="1" branch="False" />
                <line number="233" hits="1" branch="False" />
              </lines>
            </method>
            <method line-rate="1" branch-rate="1" complexity="1" name="`dynamic initializer for 'FLAGS_gtest_flagfile''" signature="()">
              <lines>
                <line number="342" hits="1" branch="False" />
                <line number="345" hits="1" branch="False" />
              </lines>
            </method>
            <method line-rate="1" branch-rate="1" complexity="1" name="`dynamic initializer for 'FLAGS_gtest_print_utf8''" signature="()">
              <lines>
                <line number="292" hits="1" branch="False" />
                <line number="296" hits="1" branch="False" />
              </lines>
            </method>
            <method line-rate="1" branch-rate="1" complexity="1" name="`dynamic initializer for 'FLAGS_gtest_shuffle''" signature="()">
              <lines>
                <line number="315" hits="1" branch="False" />
                <line number="319" hits="1" branch="False" />
              </lines>
            </method>
            <method line-rate="1" branch-rate="1" complexity="1" name="`dynamic initializer for 'FLAGS_gtest_catch_exceptions''" signature="()">
              <lines>
                <line number="235" hits="1" branch="False" />
                <line number="239" hits="1" branch="False" />
              </lines>
            </method>
            <method line-rate="1" branch-rate="1" complexity="1" name="`dynamic initializer for 'FLAGS_gtest_stream_result_to''" signature="()">
              <lines>
                <line number="327" hits="1" branch="False" />
                <line number="332" hits="1" branch="False" />
              </lines>
            </method>
            <method line-rate="1" branch-rate="1" complexity="1" name="`dynamic initializer for 'FLAGS_gtest_random_seed''" signature="()">
              <lines>
                <line number="298" hits="1" branch="False" />
                <line number="302" hits="1" branch="False" />
              </lines>
            </method>
            <method line-rate="1" branch-rate="1" complexity="1" name="`dynamic initializer for 'FLAGS_gtest_throw_on_failure''" signature="()">
              <lines>
                <line number="334" hits="1" branch="False" />
                <line number="339" hits="1" branch="False" />
              </lines>
            </method>
            <method line-rate="1" branch-rate="1" complexity="1" name="`dynamic initializer for 'FLAGS_gtest_install_failure_signal_handler''" signature="()">
              <lines>
                <line number="258" hits="1" branch="False" />
                <line number="263" hits="1" branch="False" />
              </lines>
            </method>
            <method line-rate="1" branch-rate="1" complexity="1" name="`dynamic initializer for 'FLAGS_gtest_also_run_disabled_tests''" signature="()">
              <lines>
                <line number="225" hits="1" branch="False" />
                <line number="228" hits="1" branch="False" />
              </lines>
            </method>
            <method line-rate="1" branch-rate="1" complexity="1" name="`dynamic initializer for 'FLAGS_gtest_repeat''" signature="()">
              <lines>
                <line number="304" hits="1" branch="False" />
                <line number="308" hits="1" branch="False" />
              </lines>
            </method>
          </methods>
          <lines>
            <line number="225" hits="1" branch="False" />
            <line number="228" hits="1" branch="False" />
            <line number="230" hits="1" branch="False" />
            <line number="233" hits="1" branch="False" />
            <line number="235" hits="1" branch="False" />
            <line number="239" hits="1" branch="False" />
            <line number="241" hits="1" branch="False" />
            <line number="247" hits="1" branch="False" />
            <line number="249" hits="1" branch="False" />
            <line number="256" hits="1" branch="False" />
            <line number="258" hits="1" branch="False" />
            <line number="263" hits="1" branch="False" />
            <line number="273" hits="1" branch="False" />
            <line number="284" hits="1" branch="False" />
            <line number="286" hits="1" branch="False" />
            <line number="290" hits="1" branch="False" />
            <line number="292" hits="1" branch="False" />
            <line number="296" hits="1" branch="False" />
            <line number="298" hits="1" branch="False" />
            <line number="302" hits="1" branch="False" />
            <line number="304" hits="1" branch="False" />
            <line number="308" hits="1" branch="False" />
            <line number="315" hits="1" branch="False" />
            <line number="319" hits="1" branch="False" />
            <line number="321" hits="1" branch="False" />
            <line number="325" hits="1" branch="False" />
            <line number="327" hits="1" branch="False" />
            <line number="332" hits="1" branch="False" />
            <line number="334" hits="1" branch="False" />
            <line number="339" hits="1" branch="False" />
            <line number="342" hits="1" branch="False" />
            <line number="345" hits="1" branch="False" />
          </lines>
        </class>
        <class line-rate="0.47107438016528924" branch-rate="1" complexity="33" name="testing.UnitTest" filename="d:\a\_work\1\s\thirdparty\googletest\googletest\src\gtest.cc">
          <methods>
            <method line-rate="0" branch-rate="1" complexity="1" name="failed_test_case_count" signature="">
              <lines>
                <line number="4523" hits="0" branch="False" />
                <line number="4524" hits="0" branch="False" />
                <line number="4525" hits="0" branch="False" />
              </lines>
            </method>
            <method line-rate="0" branch-rate="1" complexity="1" name="successful_test_case_count" signature="">
              <lines>
                <line number="4518" hits="0" branch="False" />
                <line number="4519" hits="0" branch="False" />
                <line number="4520" hits="0" branch="False" />
              </lines>
            </method>
            <method line-rate="0" branch-rate="1" complexity="1" name="ad_hoc_test_result" signature="">
              <lines>
                <line number="4593" hits="0" branch="False" />
                <line number="4594" hits="0" branch="False" />
                <line number="4595" hits="0" branch="False" />
              </lines>
            </method>
            <method line-rate="1" branch-rate="1" complexity="1" name="UnitTest" signature="">
              <lines>
                <line number="4826" hits="1" branch="False" />
                <line number="4827" hits="1" branch="False" />
                <line number="4828" hits="1" branch="False" />
              </lines>
            </method>
            <method line-rate="1" branch-rate="1" complexity="1" name="reportable_disabled_test_count" signature="">
              <lines>
                <line number="4547" hits="1" branch="False" />
                <line number="4548" hits="1" branch="False" />
                <line number="4549" hits="1" branch="False" />
              </lines>
            </method>
            <method line-rate="0" branch-rate="1" complexity="1" name="Failed" signature="">
              <lines>
                <line number="4583" hits="0" branch="False" />
              </lines>
            </method>
            <method line-rate="1" branch-rate="1" complexity="1" name="GetInstance" signature="">
              <lines>
                <line number="4496" hits="1" branch="False" />
                <line number="4512" hits="1" branch="False" />
                <line number="4513" hits="1" branch="False" />
                <line number="4515" hits="1" branch="False" />
              </lines>
            </method>
            <method line-rate="0" branch-rate="1" complexity="1" name="RecordProperty" signature="">
              <lines>
                <line number="4705" hits="0" branch="False" />
                <line number="4706" hits="0" branch="False" />
                <line number="4707" hits="0" branch="False" />
              </lines>
            </method>
            <method line-rate="0" branch-rate="1" complexity="1" name="start_timestamp" signature="">
              <lines>
                <line number="4569" hits="0" branch="False" />
                <line number="4570" hits="0" branch="False" />
                <line number="4571" hits="0" branch="False" />
              </lines>
            </method>
            <method line-rate="1" branch-rate="1" complexity="1" name="GetTestCase" signature="">
              <lines>
                <line number="4587" hits="1" branch="False" />
                <line number="4588" hits="1" branch="False" />
                <line number="4589" hits="1" branch="False" />
              </lines>
            </method>
            <method line-rate="0" branch-rate="1" complexity="1" name="AddEnvironment" signature="">
              <lines>
                <line number="4619" hits="0" branch="False" />
                <line number="4620" hits="0" branch="False" />
                <line number="4621" hits="0" branch="False" />
                <line number="4624" hits="0" branch="False" />
                <line number="4625" hits="0" branch="False" />
                <line number="4626" hits="0" branch="False" />
              </lines>
            </method>
            <method line-rate="1" branch-rate="1" complexity="1" name="test_case_to_run_count" signature="">
              <lines>
                <line number="4534" hits="1" branch="False" />
                <line number="4535" hits="1" branch="False" />
                <line number="4536" hits="1" branch="False" />
              </lines>
            </method>
            <method line-rate="0.5714285714285714" branch-rate="1" complexity="1" name="AddTestPartResult" signature="">
              <lines>
                <line number="4637" hits="1" branch="False" />
                <line number="4638" hits="1" branch="False" />
                <line number="4639" hits="1" branch="False" />
                <line number="4641" hits="1" branch="False" />
                <line number="4642" hits="1" branch="False" />
                <line number="4643" hits="0" branch="False" />
                <line number="4645" hits="0" branch="False" />
                <line number="4646" hits="0" branch="False" />
                <line number="4647" hits="0" branch="False" />
                <line number="4648" hits="0" branch="False" />
                <line number="4650" hits="0" branch="False" />
                <line number="4653" hits="1" branch="False" />
                <line number="4654" hits="0" branch="False" />
                <line number="4658" hits="1" branch="False" />
                <line number="4660" hits="1" branch="False" />
                <line number="4663" hits="1" branch="False" />
                <line number="4669" hits="1" branch="False" />
                <line number="4674" hits="0" branch="False" />
                <line number="4687" hits="1" branch="False" />
                <line number="4689" hits="0" branch="False" />
                <line number="4697" hits="1" branch="False" />
              </lines>
            </method>
            <method line-rate="1" branch-rate="1" complexity="1" name="~UnitTest" signature="">
              <lines>
                <line number="4831" hits="1" branch="False" />
                <line number="4832" hits="1" branch="False" />
                <line number="4833" hits="1" branch="False" />
              </lines>
            </method>
            <method line-rate="1" branch-rate="1" complexity="1" name="failed_test_count" signature="">
              <lines>
                <line number="4544" hits="1" branch="False" />
              </lines>
            </method>
            <method line-rate="1" branch-rate="1" complexity="1" name="successful_test_count" signature="">
              <lines>
                <line number="4539" hits="1" branch="False" />
                <line number="4540" hits="1" branch="False" />
                <line number="4541" hits="1" branch="False" />
              </lines>
            </method>
            <method line-rate="1" branch-rate="1" complexity="1" name="total_test_case_count" signature="">
              <lines>
                <line number="4528" hits="1" branch="False" />
                <line number="4529" hits="1" branch="False" />
                <line number="4530" hits="1" branch="False" />
              </lines>
            </method>
            <method line-rate="0" branch-rate="1" complexity="1" name="reportable_test_count" signature="">
              <lines>
                <line number="4557" hits="0" branch="False" />
                <line number="4558" hits="0" branch="False" />
                <line number="4559" hits="0" branch="False" />
              </lines>
            </method>
            <method line-rate="0" branch-rate="1" complexity="1" name="current_test_info" signature="">
              <lines>
                <line number="4809" hits="0" branch="False" />
                <line number="4810" hits="0" branch="False" />
                <line number="4811" hits="0" branch="False" />
                <line number="4812" hits="0" branch="False" />
              </lines>
            </method>
            <method line-rate="1" branch-rate="1" complexity="1" name="test_to_run_count" signature="">
              <lines>
                <line number="4565" hits="1" branch="False" />
              </lines>
            </method>
            <method line-rate="1" branch-rate="1" complexity="1" name="elapsed_time" signature="">
              <lines>
                <line number="4574" hits="1" branch="False" />
                <line number="4575" hits="1" branch="False" />
                <line number="4576" hits="1" branch="False" />
              </lines>
            </method>
            <method line-rate="1" branch-rate="1" complexity="1" name="listeners" signature="">
              <lines>
                <line number="4605" hits="1" branch="False" />
                <line number="4606" hits="1" branch="False" />
                <line number="4607" hits="1" branch="False" />
              </lines>
            </method>
            <method line-rate="1" branch-rate="1" complexity="1" name="Passed" signature="">
              <lines>
                <line number="4579" hits="1" branch="False" />
              </lines>
            </method>
            <method line-rate="1" branch-rate="1" complexity="1" name="Run" signature="">
              <lines>
                <line number="4714" hits="1" branch="False" />
                <line number="4716" hits="1" branch="False" />
                <line number="4739" hits="1" branch="False" />
                <line number="4745" hits="1" branch="False" />
                <line number="4752" hits="1" branch="False" />
                <line number="4755" hits="1" branch="False" />
                <line number="4763" hits="1" branch="False" />
                <line number="4778" hits="1" branch="False" />
                <line number="4779" hits="1" branch="False" />
                <line number="4786" hits="1" branch="False" />
                <line number="4790" hits="1" branch="False" />
              </lines>
            </method>
            <method line-rate="0" branch-rate="1" complexity="1" name="total_test_count" signature="">
              <lines>
                <line number="4562" hits="0" branch="False" />
              </lines>
            </method>
            <method line-rate="0" branch-rate="1" complexity="1" name="GetMutableTestCase" signature="">
              <lines>
                <line number="4599" hits="0" branch="False" />
                <line number="4600" hits="0" branch="False" />
                <line number="4601" hits="0" branch="False" />
              </lines>
            </method>
            <method line-rate="0" branch-rate="1" complexity="1" name="PopGTestTrace" signature="">
              <lines>
                <line number="4845" hits="0" branch="False" />
                <line number="4846" hits="0" branch="False" />
                <line number="4847" hits="0" branch="False" />
                <line number="4848" hits="0" branch="False" />
              </lines>
            </method>
            <method line-rate="0" branch-rate="1" complexity="1" name="current_test_case" signature="">
              <lines>
                <line number="4801" hits="0" branch="False" />
                <line number="4802" hits="0" branch="False" />
                <line number="4803" hits="0" branch="False" />
                <line number="4804" hits="0" branch="False" />
              </lines>
            </method>
            <method line-rate="0" branch-rate="1" complexity="1" name="parameterized_test_registry" signature="">
              <lines>
                <line number="4821" hits="0" branch="False" />
                <line number="4822" hits="0" branch="False" />
                <line number="4823" hits="0" branch="False" />
              </lines>
            </method>
            <method line-rate="0" branch-rate="1" complexity="1" name="original_working_dir" signature="">
              <lines>
                <line number="4794" hits="0" branch="False" />
                <line number="4795" hits="0" branch="False" />
                <line number="4796" hits="0" branch="False" />
              </lines>
            </method>
            <method line-rate="0" branch-rate="1" complexity="1" name="random_seed" signature="">
              <lines>
                <line number="4815" hits="0" branch="False" />
              </lines>
            </method>
            <method line-rate="0" branch-rate="1" complexity="1" name="PushGTestTrace" signature="">
              <lines>
                <line number="4838" hits="0" branch="False" />
                <line number="4839" hits="0" branch="False" />
                <line number="4840" hits="0" branch="False" />
                <line number="4841" hits="0" branch="False" />
              </lines>
            </method>
            <method line-rate="0" branch-rate="1" complexity="1" name="disabled_test_count" signature="">
              <lines>
                <line number="4552" hits="0" branch="False" />
                <line number="4553" hits="0" branch="False" />
                <line number="4554" hits="0" branch="False" />
              </lines>
            </method>
          </methods>
          <lines>
            <line number="4496" hits="1" branch="False" />
            <line number="4512" hits="1" branch="False" />
            <line number="4513" hits="1" branch="False" />
            <line number="4515" hits="1" branch="False" />
            <line number="4518" hits="0" branch="False" />
            <line number="4519" hits="0" branch="False" />
            <line number="4520" hits="0" branch="False" />
            <line number="4523" hits="0" branch="False" />
            <line number="4524" hits="0" branch="False" />
            <line number="4525" hits="0" branch="False" />
            <line number="4528" hits="1" branch="False" />
            <line number="4529" hits="1" branch="False" />
            <line number="4530" hits="1" branch="False" />
            <line number="4534" hits="1" branch="False" />
            <line number="4535" hits="1" branch="False" />
            <line number="4536" hits="1" branch="False" />
            <line number="4539" hits="1" branch="False" />
            <line number="4540" hits="1" branch="False" />
            <line number="4541" hits="1" branch="False" />
            <line number="4544" hits="1" branch="False" />
            <line number="4547" hits="1" branch="False" />
            <line number="4548" hits="1" branch="False" />
            <line number="4549" hits="1" branch="False" />
            <line number="4552" hits="0" branch="False" />
            <line number="4553" hits="0" branch="False" />
            <line number="4554" hits="0" branch="False" />
            <line number="4557" hits="0" branch="False" />
            <line number="4558" hits="0" branch="False" />
            <line number="4559" hits="0" branch="False" />
            <line number="4562" hits="0" branch="False" />
            <line number="4565" hits="1" branch="False" />
            <line number="4569" hits="0" branch="False" />
            <line number="4570" hits="0" branch="False" />
            <line number="4571" hits="0" branch="False" />
            <line number="4574" hits="1" branch="False" />
            <line number="4575" hits="1" branch="False" />
            <line number="4576" hits="1" branch="False" />
            <line number="4579" hits="1" branch="False" />
            <line number="4583" hits="0" branch="False" />
            <line number="4587" hits="1" branch="False" />
            <line number="4588" hits="1" branch="False" />
            <line number="4589" hits="1" branch="False" />
            <line number="4593" hits="0" branch="False" />
            <line number="4594" hits="0" branch="False" />
            <line number="4595" hits="0" branch="False" />
            <line number="4599" hits="0" branch="False" />
            <line number="4600" hits="0" branch="False" />
            <line number="4601" hits="0" branch="False" />
            <line number="4605" hits="1" branch="False" />
            <line number="4606" hits="1" branch="False" />
            <line number="4607" hits="1" branch="False" />
            <line number="4619" hits="0" branch="False" />
            <line number="4620" hits="0" branch="False" />
            <line number="4621" hits="0" branch="False" />
            <line number="4624" hits="0" branch="False" />
            <line number="4625" hits="0" branch="False" />
            <line number="4626" hits="0" branch="False" />
            <line number="4637" hits="1" branch="False" />
            <line number="4638" hits="1" branch="False" />
            <line number="4639" hits="1" branch="False" />
            <line number="4641" hits="1" branch="False" />
            <line number="4642" hits="1" branch="False" />
            <line number="4643" hits="0" branch="False" />
            <line number="4645" hits="0" branch="False" />
            <line number="4646" hits="0" branch="False" />
            <line number="4647" hits="0" branch="False" />
            <line number="4648" hits="0" branch="False" />
            <line number="4650" hits="0" branch="False" />
            <line number="4653" hits="1" branch="False" />
            <line number="4654" hits="0" branch="False" />
            <line number="4658" hits="1" branch="False" />
            <line number="4660" hits="1" branch="False" />
            <line number="4663" hits="1" branch="False" />
            <line number="4669" hits="1" branch="False" />
            <line number="4674" hits="0" branch="False" />
            <line number="4687" hits="1" branch="False" />
            <line number="4689" hits="0" branch="False" />
            <line number="4697" hits="1" branch="False" />
            <line number="4705" hits="0" branch="False" />
            <line number="4706" hits="0" branch="False" />
            <line number="4707" hits="0" branch="False" />
            <line number="4714" hits="1" branch="False" />
            <line number="4716" hits="1" branch="False" />
            <line number="4739" hits="1" branch="False" />
            <line number="4745" hits="1" branch="False" />
            <line number="4752" hits="1" branch="False" />
            <line number="4755" hits="1" branch="False" />
            <line number="4763" hits="1" branch="False" />
            <line number="4778" hits="1" branch="False" />
            <line number="4779" hits="1" branch="False" />
            <line number="4786" hits="1" branch="False" />
            <line number="4790" hits="1" branch="False" />
            <line number="4794" hits="0" branch="False" />
            <line number="4795" hits="0" branch="False" />
            <line number="4796" hits="0" branch="False" />
            <line number="4801" hits="0" branch="False" />
            <line number="4802" hits="0" branch="False" />
            <line number="4803" hits="0" branch="False" />
            <line number="4804" hits="0" branch="False" />
            <line number="4809" hits="0" branch="False" />
            <line number="4810" hits="0" branch="False" />
            <line number="4811" hits="0" branch="False" />
            <line number="4812" hits="0" branch="False" />
            <line number="4815" hits="0" branch="False" />
            <line number="4821" hits="0" branch="False" />
            <line number="4822" hits="0" branch="False" />
            <line number="4823" hits="0" branch="False" />
            <line number="4826" hits="1" branch="False" />
            <line number="4827" hits="1" branch="False" />
            <line number="4828" hits="1" branch="False" />
            <line number="4831" hits="1" branch="False" />
            <line number="4832" hits="1" branch="False" />
            <line number="4833" hits="1" branch="False" />
            <line number="4838" hits="0" branch="False" />
            <line number="4839" hits="0" branch="False" />
            <line number="4840" hits="0" branch="False" />
            <line number="4841" hits="0" branch="False" />
            <line number="4845" hits="0" branch="False" />
            <line number="4846" hits="0" branch="False" />
            <line number="4847" hits="0" branch="False" />
            <line number="4848" hits="0" branch="False" />
          </lines>
        </class>
        <class line-rate="0.88888888888888884" branch-rate="1" complexity="4" name="testing::internal.scoped_ptr&lt;testing::internal::DeathTestFactory&gt;" filename="d:\a\_work\1\s\thirdparty\googletest\googletest\include\gtest\internal\gtest-port.h">
          <methods>
            <method line-rate="0" branch-rate="1" complexity="1" name="get" signature="">
              <lines>
                <line number="1205" hits="0" branch="False" />
              </lines>
            </method>
            <method line-rate="1" branch-rate="1" complexity="1" name="~scoped_ptr&lt;testing::internal::DeathTestFactory&gt;" signature="">
              <lines>
                <line number="1201" hits="1" branch="False" />
              </lines>
            </method>
            <method line-rate="1" branch-rate="1" complexity="1" name="scoped_ptr&lt;testing::internal::DeathTestFactory&gt;" signature="">
              <lines>
                <line number="1200" hits="1" branch="False" />
              </lines>
            </method>
            <method line-rate="1" branch-rate="1" complexity="1" name="reset" signature="">
              <lines>
                <line number="1213" hits="1" branch="False" />
                <line number="1214" hits="1" branch="False" />
                <line number="1215" hits="1" branch="False" />
                <line number="1216" hits="1" branch="False" />
                <line number="1218" hits="1" branch="False" />
                <line number="1220" hits="1" branch="False" />
              </lines>
            </method>
          </methods>
          <lines>
            <line number="1200" hits="1" branch="False" />
            <line number="1201" hits="1" branch="False" />
            <line number="1205" hits="0" branch="False" />
            <line number="1213" hits="1" branch="False" />
            <line number="1214" hits="1" branch="False" />
            <line number="1215" hits="1" branch="False" />
            <line number="1216" hits="1" branch="False" />
            <line number="1218" hits="1" branch="False" />
            <line number="1220" hits="1" branch="False" />
          </lines>
        </class>
        <class line-rate="0.62962962962962965" branch-rate="1" complexity="10" name="testing.Test" filename="d:\a\_work\1\s\thirdparty\googletest\googletest\src\gtest.cc">
          <methods>
            <method line-rate="1" branch-rate="1" complexity="1" name="~Test" signature="">
              <lines>
                <line number="2262" hits="1" branch="False" />
                <line number="2263" hits="1" branch="False" />
              </lines>
            </method>
            <method line-rate="0" branch-rate="1" complexity="1" name="RecordProperty" signature="">
              <lines>
                <line number="2278" hits="0" branch="False" />
                <line number="2279" hits="0" branch="False" />
                <line number="2280" hits="0" branch="False" />
              </lines>
            </method>
            <method line-rate="0" branch-rate="1" complexity="1" name="RecordProperty" signature="">
              <lines>
                <line number="2283" hits="0" branch="False" />
                <line number="2284" hits="0" branch="False" />
                <line number="2285" hits="0" branch="False" />
                <line number="2286" hits="0" branch="False" />
                <line number="2287" hits="0" branch="False" />
              </lines>
            </method>
            <method line-rate="1" branch-rate="1" complexity="1" name="Test" signature="">
              <lines>
                <line number="2256" hits="1" branch="False" />
                <line number="2257" hits="1" branch="False" />
              </lines>
            </method>
            <method line-rate="0" branch-rate="1" complexity="1" name="HasNonfatalFailure" signature="">
              <lines>
                <line number="2535" hits="0" branch="False" />
                <line number="2536" hits="0" branch="False" />
                <line number="2538" hits="0" branch="False" />
              </lines>
            </method>
            <method line-rate="0.5714285714285714" branch-rate="1" complexity="1" name="HasSameFixtureClass" signature="">
              <lines>
                <line number="2310" hits="1" branch="False" />
                <line number="2311" hits="1" branch="False" />
                <line number="2312" hits="1" branch="False" />
                <line number="2315" hits="1" branch="False" />
                <line number="2316" hits="1" branch="False" />
                <line number="2317" hits="1" branch="False" />
                <line number="2320" hits="1" branch="False" />
                <line number="2321" hits="1" branch="False" />
                <line number="2322" hits="1" branch="False" />
                <line number="2324" hits="1" branch="False" />
                <line number="2326" hits="0" branch="False" />
                <line number="2328" hits="0" branch="False" />
                <line number="2330" hits="0" branch="False" />
                <line number="2338" hits="0" branch="False" />
                <line number="2340" hits="0" branch="False" />
                <line number="2342" hits="0" branch="False" />
                <line number="2351" hits="0" branch="False" />
                <line number="2354" hits="0" branch="False" />
                <line number="2365" hits="0" branch="False" />
                <line number="2368" hits="1" branch="False" />
                <line number="2369" hits="1" branch="False" />
              </lines>
            </method>
            <method line-rate="1" branch-rate="1" complexity="1" name="SetUp" signature="">
              <lines>
                <line number="2268" hits="1" branch="False" />
                <line number="2269" hits="1" branch="False" />
              </lines>
            </method>
            <method line-rate="1" branch-rate="1" complexity="1" name="Run" signature="">
              <lines>
                <line number="2508" hits="1" branch="False" />
                <line number="2509" hits="1" branch="False" />
                <line number="2511" hits="1" branch="False" />
                <line number="2512" hits="1" branch="False" />
                <line number="2513" hits="1" branch="False" />
                <line number="2515" hits="1" branch="False" />
                <line number="2516" hits="1" branch="False" />
                <line number="2517" hits="1" branch="False" />
                <line number="2524" hits="1" branch="False" />
                <line number="2525" hits="1" branch="False" />
                <line number="2527" hits="1" branch="False" />
              </lines>
            </method>
            <method line-rate="1" branch-rate="1" complexity="1" name="TearDown" signature="">
              <lines>
                <line number="2274" hits="1" branch="False" />
                <line number="2275" hits="1" branch="False" />
              </lines>
            </method>
            <method line-rate="1" branch-rate="1" complexity="1" name="HasFatalFailure" signature="">
              <lines>
                <line number="2530" hits="1" branch="False" />
                <line number="2531" hits="1" branch="False" />
                <line number="2532" hits="1" branch="False" />
              </lines>
            </method>
          </methods>
          <lines>
            <line number="2256" hits="1" branch="False" />
            <line number="2257" hits="1" branch="False" />
            <line number="2262" hits="1" branch="False" />
            <line number="2263" hits="1" branch="False" />
            <line number="2268" hits="1" branch="False" />
            <line number="2269" hits="1" branch="False" />
            <line number="2274" hits="1" branch="False" />
            <line number="2275" hits="1" branch="False" />
            <line number="2278" hits="0" branch="False" />
            <line number="2279" hits="0" branch="False" />
            <line number="2280" hits="0" branch="False" />
            <line number="2283" hits="0" branch="False" />
            <line number="2284" hits="0" branch="False" />
            <line number="2285" hits="0" branch="False" />
            <line number="2286" hits="0" branch="False" />
            <line number="2287" hits="0" branch="False" />
            <line number="2310" hits="1" branch="False" />
            <line number="2311" hits="1" branch="False" />
            <line number="2312" hits="1" branch="False" />
            <line number="2315" hits="1" branch="False" />
            <line number="2316" hits="1" branch="False" />
            <line number="2317" hits="1" branch="False" />
            <line number="2320" hits="1" branch="False" />
            <line number="2321" hits="1" branch="False" />
            <line number="2322" hits="1" branch="False" />
            <line number="2324" hits="1" branch="False" />
            <line number="2326" hits="0" branch="False" />
            <line number="2328" hits="0" branch="False" />
            <line number="2330" hits="0" branch="False" />
            <line number="2338" hits="0" branch="False" />
            <line number="2340" hits="0" branch="False" />
            <line number="2342" hits="0" branch="False" />
            <line number="2351" hits="0" branch="False" />
            <line number="2354" hits="0" branch="False" />
            <line number="2365" hits="0" branch="False" />
            <line number="2368" hits="1" branch="False" />
            <line number="2369" hits="1" branch="False" />
            <line number="2508" hits="1" branch="False" />
            <line number="2509" hits="1" branch="False" />
            <line number="2511" hits="1" branch="False" />
            <line number="2512" hits="1" branch="False" />
            <line number="2513" hits="1" branch="False" />
            <line number="2515" hits="1" branch="False" />
            <line number="2516" hits="1" branch="False" />
            <line number="2517" hits="1" branch="False" />
            <line number="2524" hits="1" branch="False" />
            <line number="2525" hits="1" branch="False" />
            <line number="2527" hits="1" branch="False" />
            <line number="2530" hits="1" branch="False" />
            <line number="2531" hits="1" branch="False" />
            <line number="2532" hits="1" branch="False" />
            <line number="2535" hits="0" branch="False" />
            <line number="2536" hits="0" branch="False" />
            <line number="2538" hits="0" branch="False" />
          </lines>
        </class>
        <class line-rate="0.65567765567765568" branch-rate="1" complexity="32" name="testing::internal.UnitTestImpl" filename="d:\a\_work\1\s\thirdparty\googletest\googletest\src\gtest.cc">
          <methods>
            <method line-rate="1" branch-rate="1" complexity="1" name="test_case_to_run_count" signature="">
              <lines>
                <line number="790" hits="1" branch="False" />
                <line number="791" hits="1" branch="False" />
                <line number="792" hits="1" branch="False" />
              </lines>
            </method>
            <method line-rate="1" branch-rate="1" complexity="1" name="failed_test_count" signature="">
              <lines>
                <line number="800" hits="1" branch="False" />
                <line number="801" hits="1" branch="False" />
                <line number="802" hits="1" branch="False" />
              </lines>
            </method>
            <method line-rate="1" branch-rate="1" complexity="1" name="successful_test_count" signature="">
              <lines>
                <line number="795" hits="1" branch="False" />
                <line number="796" hits="1" branch="False" />
                <line number="797" hits="1" branch="False" />
              </lines>
            </method>
            <method line-rate="0" branch-rate="1" complexity="1" name="disabled_test_count" signature="">
              <lines>
                <line number="811" hits="0" branch="False" />
                <line number="812" hits="0" branch="False" />
                <line number="813" hits="0" branch="False" />
              </lines>
            </method>
            <method line-rate="1" branch-rate="1" complexity="1" name="RegisterParameterizedTests" signature="">
              <lines>
                <line number="2656" hits="1" branch="False" />
                <line number="2657" hits="1" branch="False" />
                <line number="2658" hits="1" branch="False" />
                <line number="2659" hits="1" branch="False" />
                <line number="2661" hits="1" branch="False" />
              </lines>
            </method>
            <method line-rate="0.8571428571428571" branch-rate="1" complexity="1" name="current_test_result" signature="">
              <lines>
                <line number="5491" hits="1" branch="False" />
                <line number="5492" hits="1" branch="False" />
                <line number="5493" hits="1" branch="False" />
                <line number="5495" hits="1" branch="False" />
                <line number="5496" hits="0" branch="False" />
                <line number="5498" hits="1" branch="False" />
                <line number="5499" hits="1" branch="False" />
              </lines>
            </method>
            <method line-rate="0" branch-rate="1" complexity="1" name="RecordProperty" signature="">
              <lines>
                <line number="4897" hits="0" branch="False" />
                <line number="4898" hits="0" branch="False" />
                <line number="4901" hits="0" branch="False" />
                <line number="4902" hits="0" branch="False" />
                <line number="4903" hits="0" branch="False" />
                <line number="4904" hits="0" branch="False" />
                <line number="4905" hits="0" branch="False" />
                <line number="4906" hits="0" branch="False" />
                <line number="4907" hits="0" branch="False" />
                <line number="4908" hits="0" branch="False" />
                <line number="4909" hits="0" branch="False" />
                <line number="4911" hits="0" branch="False" />
                <line number="4912" hits="0" branch="False" />
              </lines>
            </method>
            <method line-rate="0" branch-rate="1" complexity="1" name="total_test_count" signature="">
              <lines>
                <line number="821" hits="0" branch="False" />
                <line number="822" hits="0" branch="False" />
                <line number="823" hits="0" branch="False" />
              </lines>
            </method>
            <method line-rate="0.66666666666666663" branch-rate="1" complexity="1" name="ConfigureXmlOutput" signature="">
              <lines>
                <line number="4925" hits="1" branch="False" />
                <line number="4926" hits="1" branch="False" />
                <line number="4927" hits="1" branch="False" />
                <line number="4928" hits="0" branch="False" />
                <line number="4930" hits="1" branch="False" />
                <line number="4931" hits="0" branch="False" />
                <line number="4933" hits="1" branch="False" />
                <line number="4934" hits="0" branch="False" />
                <line number="4937" hits="1" branch="False" />
              </lines>
            </method>
            <method line-rate="0" branch-rate="1" complexity="1" name="set_os_stack_trace_getter" signature="">
              <lines>
                <line number="5468" hits="0" branch="False" />
                <line number="5469" hits="0" branch="False" />
                <line number="5470" hits="0" branch="False" />
                <line number="5471" hits="0" branch="False" />
                <line number="5473" hits="0" branch="False" />
              </lines>
            </method>
            <method line-rate="0" branch-rate="1" complexity="1" name="successful_test_case_count" signature="">
              <lines>
                <line number="774" hits="0" branch="False" />
                <line number="775" hits="0" branch="False" />
                <line number="776" hits="0" branch="False" />
              </lines>
            </method>
            <method line-rate="1" branch-rate="1" complexity="1" name="failed_test_case_count" signature="">
              <lines>
                <line number="779" hits="1" branch="False" />
                <line number="780" hits="1" branch="False" />
                <line number="781" hits="1" branch="False" />
              </lines>
            </method>
            <method line-rate="0.75" branch-rate="1" complexity="1" name="SuppressTestEventsIfInSubprocess" signature="">
              <lines>
                <line number="4917" hits="1" branch="False" />
                <line number="4918" hits="1" branch="False" />
                <line number="4919" hits="0" branch="False" />
                <line number="4920" hits="1" branch="False" />
              </lines>
            </method>
            <method line-rate="1" branch-rate="1" complexity="1" name="reportable_disabled_test_count" signature="">
              <lines>
                <line number="805" hits="1" branch="False" />
                <line number="806" hits="1" branch="False" />
                <line number="808" hits="1" branch="False" />
              </lines>
            </method>
            <method line-rate="1" branch-rate="1" complexity="1" name="FilterTests" signature="">
              <lines>
                <line number="5331" hits="1" branch="False" />
                <line number="5332" hits="1" branch="False" />
                <line number="5334" hits="1" branch="False" />
                <line number="5341" hits="1" branch="False" />
                <line number="5342" hits="1" branch="False" />
                <line number="5343" hits="1" branch="False" />
                <line number="5344" hits="1" branch="False" />
                <line number="5345" hits="1" branch="False" />
                <line number="5346" hits="1" branch="False" />
                <line number="5348" hits="1" branch="False" />
                <line number="5349" hits="1" branch="False" />
                <line number="5350" hits="1" branch="False" />
                <line number="5355" hits="1" branch="False" />
                <line number="5358" hits="1" branch="False" />
                <line number="5361" hits="1" branch="False" />
                <line number="5363" hits="1" branch="False" />
                <line number="5366" hits="1" branch="False" />
                <line number="5370" hits="1" branch="False" />
                <line number="5372" hits="1" branch="False" />
                <line number="5373" hits="1" branch="False" />
                <line number="5375" hits="1" branch="False" />
                <line number="5376" hits="1" branch="False" />
                <line number="5378" hits="1" branch="False" />
                <line number="5379" hits="1" branch="False" />
                <line number="5380" hits="1" branch="False" />
                <line number="5381" hits="1" branch="False" />
                <line number="5382" hits="1" branch="False" />
                <line number="5383" hits="1" branch="False" />
              </lines>
            </method>
            <method line-rate="1" branch-rate="1" complexity="1" name="~UnitTestImpl" signature="">
              <lines>
                <line number="4882" hits="1" branch="False" />
                <line number="4884" hits="1" branch="False" />
                <line number="4887" hits="1" branch="False" />
                <line number="4889" hits="1" branch="False" />
                <line number="4890" hits="1" branch="False" />
              </lines>
            </method>
            <method line-rate="1" branch-rate="1" complexity="1" name="GetGlobalTestPartResultReporter" signature="">
              <lines>
                <line number="749" hits="1" branch="False" />
                <line number="750" hits="1" branch="False" />
                <line number="751" hits="1" branch="False" />
                <line number="752" hits="1" branch="False" />
              </lines>
            </method>
            <method line-rate="0.86538461538461542" branch-rate="1" complexity="1" name="RunAllTests" signature="">
              <lines>
                <line number="5084" hits="1" branch="False" />
                <line number="5086" hits="1" branch="False" />
                <line number="5089" hits="1" branch="False" />
                <line number="5090" hits="0" branch="False" />
                <line number="5094" hits="1" branch="False" />
                <line number="5099" hits="1" branch="False" />
                <line number="5103" hits="1" branch="False" />
                <line number="5106" hits="1" branch="False" />
                <line number="5114" hits="1" branch="False" />
                <line number="5121" hits="1" branch="False" />
                <line number="5124" hits="1" branch="False" />
                <line number="5126" hits="0" branch="False" />
                <line number="5127" hits="0" branch="False" />
                <line number="5130" hits="1" branch="False" />
                <line number="5134" hits="1" branch="False" />
                <line number="5136" hits="1" branch="False" />
                <line number="5138" hits="1" branch="False" />
                <line number="5139" hits="1" branch="False" />
                <line number="5143" hits="1" branch="False" />
                <line number="5145" hits="1" branch="False" />
                <line number="5146" hits="1" branch="False" />
                <line number="5149" hits="1" branch="False" />
                <line number="5151" hits="1" branch="False" />
                <line number="5154" hits="1" branch="False" />
                <line number="5155" hits="0" branch="False" />
                <line number="5159" hits="0" branch="False" />
                <line number="5163" hits="1" branch="False" />
                <line number="5166" hits="1" branch="False" />
                <line number="5168" hits="1" branch="False" />
                <line number="5169" hits="1" branch="False" />
                <line number="5170" hits="1" branch="False" />
                <line number="5174" hits="1" branch="False" />
                <line number="5175" hits="1" branch="False" />
                <line number="5176" hits="1" branch="False" />
                <line number="5177" hits="1" branch="False" />
                <line number="5178" hits="1" branch="False" />
                <line number="5182" hits="1" branch="False" />
                <line number="5183" hits="1" branch="False" />
                <line number="5185" hits="1" branch="False" />
                <line number="5188" hits="1" branch="False" />
                <line number="5191" hits="1" branch="False" />
                <line number="5194" hits="1" branch="False" />
                <line number="5195" hits="1" branch="False" />
                <line number="5204" hits="1" branch="False" />
                <line number="5206" hits="1" branch="False" />
                <line number="5208" hits="0" branch="False" />
                <line number="5210" hits="1" branch="False" />
                <line number="5212" hits="1" branch="False" />
                <line number="5214" hits="1" branch="False" />
                <line number="5215" hits="0" branch="False" />
                <line number="5228" hits="1" branch="False" />
                <line number="5229" hits="1" branch="False" />
              </lines>
            </method>
            <method line-rate="1" branch-rate="1" complexity="1" name="os_stack_trace_getter" signature="">
              <lines>
                <line number="5478" hits="1" branch="False" />
                <line number="5479" hits="1" branch="False" />
                <line number="5483" hits="1" branch="False" />
                <line number="5487" hits="1" branch="False" />
                <line number="5488" hits="1" branch="False" />
              </lines>
            </method>
            <method line-rate="0" branch-rate="1" complexity="1" name="SetTestPartResultReporterForCurrentThread" signature="">
              <lines>
                <line number="769" hits="0" branch="False" />
                <line number="770" hits="0" branch="False" />
                <line number="771" hits="0" branch="False" />
              </lines>
            </method>
            <method line-rate="0.76923076923076927" branch-rate="1" complexity="1" name="GetTestCase" signature="">
              <lines>
                <line number="5038" hits="1" branch="False" />
                <line number="5041" hits="1" branch="False" />
                <line number="5044" hits="1" branch="False" />
                <line number="5045" hits="1" branch="False" />
                <line number="5049" hits="1" branch="False" />
                <line number="5052" hits="1" branch="False" />
                <line number="5058" hits="0" branch="False" />
                <line number="5059" hits="0" branch="False" />
                <line number="5061" hits="0" branch="False" />
                <line number="5063" hits="1" branch="False" />
                <line number="5066" hits="1" branch="False" />
                <line number="5067" hits="1" branch="False" />
                <line number="5068" hits="1" branch="False" />
              </lines>
            </method>
            <method line-rate="0" branch-rate="1" complexity="1" name="ShuffleTests" signature="">
              <lines>
                <line number="5503" hits="0" branch="False" />
                <line number="5505" hits="0" branch="False" />
                <line number="5508" hits="0" branch="False" />
                <line number="5512" hits="0" branch="False" />
                <line number="5513" hits="0" branch="False" />
                <line number="5514" hits="0" branch="False" />
                <line number="5515" hits="0" branch="False" />
              </lines>
            </method>
            <method line-rate="0" branch-rate="1" complexity="1" name="ListTestsMatchingFilter" signature="">
              <lines>
                <line number="5408" hits="0" branch="False" />
[...]
                <line number="1416" hits="0" branch="False" />
                <line number="1436" hits="0" branch="False" />
                <line number="1437" hits="0" branch="False" />
                <line number="1440" hits="0" branch="False" />
                <line number="1443" hits="0" branch="False" />
                <line number="1444" hits="0" branch="False" />
              </lines>
            </method>
          </methods>
          <lines>
            <line number="1389" hits="0" branch="False" />
            <line number="1390" hits="0" branch="False" />
            <line number="1392" hits="0" branch="False" />
            <line number="1394" hits="0" branch="False" />
            <line number="1396" hits="0" branch="False" />
            <line number="1397" hits="0" branch="False" />
            <line number="1398" hits="0" branch="False" />
            <line number="1402" hits="0" branch="False" />
            <line number="1405" hits="0" branch="False" />
            <line number="1407" hits="0" branch="False" />
            <line number="1408" hits="0" branch="False" />
            <line number="1414" hits="0" branch="False" />
            <line number="1416" hits="0" branch="False" />
            <line number="1436" hits="0" branch="False" />
            <line number="1437" hits="0" branch="False" />
            <line number="1440" hits="0" branch="False" />
            <line number="1443" hits="0" branch="False" />
            <line number="1444" hits="0" branch="False" />
          </lines>
        </class>
        <class line-rate="1" branch-rate="1" complexity="2" name="InvalidStringFormatException" filename="C:\Users\User\Downloads\Laba1\Laba1\InvalidStringFormatException.h">
          <methods>
            <method line-rate="1" branch-rate="1" complexity="1" name="what" signature="">
              <lines>
                <line number="16" hits="1" branch="False" />
                <line number="17" hits="1" branch="False" />
                <line number="18" hits="1" branch="False" />
              </lines>
            </method>
            <method line-rate="1" branch-rate="1" complexity="1" name="InvalidStringFormatException" signature="">
              <lines>
                <line number="13" hits="1" branch="False" />
                <line number="14" hits="1" branch="False" />
              </lines>
            </method>
          </methods>
          <lines>
            <line number="13" hits="1" branch="False" />
            <line number="14" hits="1" branch="False" />
            <line number="16" hits="1" branch="False" />
            <line number="17" hits="1" branch="False" />
            <line number="18" hits="1" branch="False" />
          </lines>
        </class>
        <class line-rate="1" branch-rate="1" complexity="1" name="testing::internal.DeathTestFactory" filename="d:\a\_work\1\s\thirdparty\googletest\googletest\include\gtest\internal\gtest-death-test-internal.h">
          <methods>
            <method line-rate="1" branch-rate="1" complexity="1" name="~DeathTestFactory" signature="">
              <lines>
                <line number="146" hits="1" branch="False" />
              </lines>
            </method>
          </methods>
          <lines>
            <line number="146" hits="1" branch="False" />
          </lines>
        </class>
        <class line-rate="0" branch-rate="1" complexity="1" name="const void * testing::internal" filename="d:\a\_work\1\s\thirdparty\googletest\googletest\include\gtest\internal\gtest-port.h">
          <methods>
            <method line-rate="0" branch-rate="1" complexity="1" name="ImplicitCast_&lt;void const *&gt;" signature="(const void *)">
              <lines>
                <line number="1476" hits="0" branch="False" />
              </lines>
            </method>
          </methods>
          <lines>
            <line number="1476" hits="0" branch="False" />
          </lines>
        </class>
        <class line-rate="0" branch-rate="1" complexity="1" name="static class std::vector&lt;std::basic_string&lt;char,std::char_traits&lt;char&gt;,std::allocator&lt;char&gt; &gt;,std::allocator&lt;std::basic_string&lt;char,std::char_traits&lt;char&gt;,std::allocator&lt;char&gt; &gt; &gt; &gt; testing" filename="d:\a\_work\1\s\thirdparty\googletest\googletest\src\gtest.cc">
          <methods>
            <method line-rate="0" branch-rate="1" complexity="1" name="GetReservedAttributesForElement" signature="(const class std::basic_string&lt;char,std::char_traits&lt;char&gt;,std::allocator&lt;char&gt; &gt; &amp; const)">
              <lines>
                <line number="2153" hits="0" branch="False" />
                <line number="2154" hits="0" branch="False" />
                <line number="2155" hits="0" branch="False" />
                <line number="2156" hits="0" branch="False" />
                <line number="2157" hits="0" branch="False" />
                <line number="2158" hits="0" branch="False" />
                <line number="2159" hits="0" branch="False" />
                <line number="2161" hits="0" branch="False" />
                <line number="2164" hits="0" branch="False" />
                <line number="2165" hits="0" branch="False" />
              </lines>
            </method>
          </methods>
          <lines>
            <line number="2153" hits="0" branch="False" />
            <line number="2154" hits="0" branch="False" />
            <line number="2155" hits="0" branch="False" />
            <line number="2156" hits="0" branch="False" />
            <line number="2157" hits="0" branch="False" />
            <line number="2158" hits="0" branch="False" />
            <line number="2159" hits="0" branch="False" />
            <line number="2161" hits="0" branch="False" />
            <line number="2164" hits="0" branch="False" />
            <line number="2165" hits="0" branch="False" />
          </lines>
        </class>
        <class line-rate="0" branch-rate="1" complexity="1" name="testing" filename="d:\a\_work\1\s\thirdparty\googletest\googletest\include\gtest\gtest-printers.h">
          <methods>
            <method line-rate="0" branch-rate="1" complexity="1" name="PrintToString&lt;__int64&gt;" signature="">
              <lines>
                <line number="1094" hits="0" branch="False" />
                <line number="1095" hits="0" branch="False" />
                <line number="1096" hits="0" branch="False" />
                <line number="1097" hits="0" branch="False" />
                <line number="1098" hits="0" branch="False" />
              </lines>
            </method>
          </methods>
          <lines>
            <line number="1094" hits="0" branch="False" />
            <line number="1095" hits="0" branch="False" />
            <line number="1096" hits="0" branch="False" />
            <line number="1097" hits="0" branch="False" />
            <line number="1098" hits="0" branch="False" />
          </lines>
        </class>
        <class line-rate="0" branch-rate="1" complexity="3" name="testing::internal.CapturedStream" filename="d:\a\_work\1\s\thirdparty\googletest\googletest\src\gtest-port.cc">
          <methods>
            <method line-rate="0" branch-rate="1" complexity="1" name="CapturedStream" signature="">
              <lines>
                <line number="994" hits="0" branch="False" />
                <line number="996" hits="0" branch="False" />
                <line number="997" hits="0" branch="False" />
                <line number="999" hits="0" branch="False" />
                <line number="1000" hits="0" branch="False" />
                <line number="1004" hits="0" branch="False" />
                <line number="1006" hits="0" branch="False" />
                <line number="1007" hits="0" branch="False" />
                <line number="1009" hits="0" branch="False" />
                <line number="1037" hits="0" branch="False" />
                <line number="1038" hits="0" branch="False" />
                <line number="1039" hits="0" branch="False" />
                <line number="1040" hits="0" branch="False" />
              </lines>
            </method>
            <method line-rate="0" branch-rate="1" complexity="1" name="~CapturedStream" signature="">
              <lines>
                <line number="1042" hits="0" branch="False" />
                <line number="1043" hits="0" branch="False" />
                <line number="1044" hits="0" branch="False" />
              </lines>
            </method>
            <method line-rate="0" branch-rate="1" complexity="1" name="GetCapturedString" signature="">
              <lines>
                <line number="1046" hits="0" branch="False" />
                <line number="1047" hits="0" branch="False" />
                <line number="1049" hits="0" branch="False" />
                <line number="1050" hits="0" branch="False" />
                <line number="1051" hits="0" branch="False" />
                <line number="1052" hits="0" branch="False" />
                <line number="1055" hits="0" branch="False" />
                <line number="1056" hits="0" branch="False" />
                <line number="1057" hits="0" branch="False" />
                <line number="1058" hits="0" branch="False" />
                <line number="1059" hits="0" branch="False" />
              </lines>
            </method>
          </methods>
          <lines>
            <line number="994" hits="0" branch="False" />
            <line number="996" hits="0" branch="False" />
            <line number="997" hits="0" branch="False" />
            <line number="999" hits="0" branch="False" />
            <line number="1000" hits="0" branch="False" />
            <line number="1004" hits="0" branch="False" />
            <line number="1006" hits="0" branch="False" />
            <line number="1007" hits="0" branch="False" />
            <line number="1009" hits="0" branch="False" />
            <line number="1037" hits="0" branch="False" />
            <line number="1038" hits="0" branch="False" />
            <line number="1039" hits="0" branch="False" />
            <line number="1040" hits="0" branch="False" />
            <line number="1042" hits="0" branch="False" />
            <line number="1043" hits="0" branch="False" />
            <line number="1044" hits="0" branch="False" />
            <line number="1046" hits="0" branch="False" />
            <line number="1047" hits="0" branch="False" />
            <line number="1049" hits="0" branch="False" />
            <line number="1050" hits="0" branch="False" />
            <line number="1051" hits="0" branch="False" />
            <line number="1052" hits="0" branch="False" />
            <line number="1055" hits="0" branch="False" />
            <line number="1056" hits="0" branch="False" />
            <line number="1057" hits="0" branch="False" />
            <line number="1058" hits="0" branch="False" />
            <line number="1059" hits="0" branch="False" />
          </lines>
        </class>
        <class line-rate="1" branch-rate="1" complexity="1" name="testing::internal.OsStackTraceGetter" filename="d:\a\_work\1\s\thirdparty\googletest\googletest\src\gtest-internal-inl.h">
          <methods>
            <method line-rate="1" branch-rate="1" complexity="1" name="OsStackTraceGetter" signature="">
              <lines>
                <line number="443" hits="1" branch="False" />
              </lines>
            </method>
          </methods>
          <lines>
            <line number="443" hits="1" branch="False" />
          </lines>
        </class>
        <class line-rate="0" branch-rate="1" complexity="1" name="testing::internal.GoogleTestFailureException" filename="d:\a\_work\1\s\thirdparty\googletest\googletest\src\gtest.cc">
          <methods>
            <method line-rate="0" branch-rate="1" complexity="1" name="GoogleTestFailureException" signature="">
              <lines>
                <line number="2411" hits="0" branch="False" />
              </lines>
            </method>
          </methods>
          <lines>
            <line number="2411" hits="0" branch="False" />
          </lines>
        </class>
        <class line-rate="1" branch-rate="1" complexity="3" name="testing::internal.linked_ptr_internal" filename="d:\a\_work\1\s\thirdparty\googletest\googletest\include\gtest\internal\gtest-linked_ptr.h">
          <methods>
            <method line-rate="1" branch-rate="1" complexity="1" name="depart" signature="">
              <lines>
                <line number="126" hits="1" branch="False" />
                <line number="127" hits="1" branch="False" />
                <line number="129" hits="1" branch="False" />
                <line number="130" hits="1" branch="False" />
                <line number="131" hits="1" branch="False" />
                <line number="132" hits="1" branch="False" />
                <line number="135" hits="1" branch="False" />
                <line number="136" hits="1" branch="False" />
                <line number="137" hits="1" branch="False" />
                <line number="138" hits="1" branch="False" />
                <line number="139" hits="1" branch="False" />
              </lines>
            </method>
            <method line-rate="1" branch-rate="1" complexity="1" name="join_new" signature="">
              <lines>
                <line number="92" hits="1" branch="False" />
                <line number="93" hits="1" branch="False" />
                <line number="94" hits="1" branch="False" />
              </lines>
            </method>
            <method line-rate="1" branch-rate="1" complexity="1" name="join" signature="">
              <lines>
                <line number="109" hits="1" branch="False" />
                <line number="110" hits="1" branch="False" />
                <line number="112" hits="1" branch="False" />
                <line number="113" hits="1" branch="False" />
                <line number="114" hits="1" branch="False" />
                <line number="117" hits="1" branch="False" />
                <line number="118" hits="1" branch="False" />
                <line number="119" hits="1" branch="False" />
                <line number="120" hits="1" branch="False" />
                <line number="121" hits="1" branch="False" />
              </lines>
            </method>
          </methods>
          <lines>
            <line number="92" hits="1" branch="False" />
            <line number="93" hits="1" branch="False" />
            <line number="94" hits="1" branch="False" />
            <line number="109" hits="1" branch="False" />
            <line number="110" hits="1" branch="False" />
            <line number="112" hits="1" branch="False" />
            <line number="113" hits="1" branch="False" />
            <line number="114" hits="1" branch="False" />
            <line number="117" hits="1" branch="False" />
            <line number="118" hits="1" branch="False" />
            <line number="119" hits="1" branch="False" />
            <line number="120" hits="1" branch="False" />
            <line number="121" hits="1" branch="False" />
            <line number="126" hits="1" branch="False" />
            <line number="127" hits="1" branch="False" />
            <line number="129" hits="1" branch="False" />
            <line number="130" hits="1" branch="False" />
            <line number="131" hits="1" branch="False" />
            <line number="132" hits="1" branch="False" />
            <line number="135" hits="1" branch="False" />
            <line number="136" hits="1" branch="False" />
            <line number="137" hits="1" branch="False" />
            <line number="138" hits="1" branch="False" />
            <line number="139" hits="1" branch="False" />
          </lines>
        </class>
        <class line-rate="0.5" branch-rate="1" complexity="2" name="FactoryTest_CreateMenuCollection_ValidInput_Test" filename="C:\Users\User\Downloads\Laba1\Menu-Test\test.cpp">
          <methods>
            <method line-rate="1" branch-rate="1" complexity="1" name="FactoryTest_CreateMenuCollection_ValidInput_Test" signature="">
              <lines>
                <line number="53" hits="1" branch="False" />
              </lines>
            </method>
            <method line-rate="0.45454545454545453" branch-rate="1" complexity="1" name="TestBody" signature="">
              <lines>
                <line number="53" hits="1" branch="False" />
                <line number="54" hits="1" branch="False" />
                <line number="58" hits="1" branch="False" />
                <line number="60" hits="1" branch="False" />
                <line number="61" hits="0" branch="False" />
                <line number="62" hits="0" branch="False" />
                <line number="63" hits="0" branch="False" />
                <line number="65" hits="0" branch="False" />
                <line number="66" hits="0" branch="False" />
                <line number="67" hits="0" branch="False" />
                <line number="68" hits="1" branch="False" />
              </lines>
            </method>
          </methods>
          <lines>
            <line number="53" hits="1" branch="False" />
            <line number="54" hits="1" branch="False" />
            <line number="58" hits="1" branch="False" />
            <line number="60" hits="1" branch="False" />
            <line number="61" hits="0" branch="False" />
            <line number="62" hits="0" branch="False" />
            <line number="63" hits="0" branch="False" />
            <line number="65" hits="0" branch="False" />
            <line number="66" hits="0" branch="False" />
            <line number="67" hits="0" branch="False" />
            <line number="68" hits="1" branch="False" />
          </lines>
        </class>
        <class line-rate="1" branch-rate="1" complexity="1" name="testing::internal.Mutex" filename="d:\a\_work\1\s\thirdparty\googletest\googletest\include\gtest\internal\gtest-port.h">
          <methods>
            <method line-rate="1" branch-rate="1" complexity="1" name="Mutex" signature="">
              <lines>
                <line number="1804" hits="1" branch="False" />
              </lines>
            </method>
          </methods>
          <lines>
            <line number="1804" hits="1" branch="False" />
          </lines>
        </class>
        <class line-rate="1" branch-rate="1" complexity="1" name="Menu" filename="C:\Users\User\Downloads\Laba1\Laba1\Menu.h">
          <methods>
            <method line-rate="1" branch-rate="1" complexity="1" name="~Menu" signature="">
              <lines>
                <line number="17" hits="1" branch="False" />
              </lines>
            </method>
          </methods>
          <lines>
            <line number="17" hits="1" branch="False" />
          </lines>
        </class>
        <class line-rate="0" branch-rate="1" complexity="1" name="testing::internal::`anonymous-namespace'.ThreadWithParamSupport::ThreadMainParam" filename="d:\a\_work\1\s\thirdparty\googletest\googletest\src\gtest-port.cc">
          <methods>
            <method line-rate="0" branch-rate="1" complexity="1" name="ThreadMainParam" signature="(class testing::internal::ThreadWithParamBase::Runnable *, class testing::internal::Notification *)">
              <lines>
                <line number="406" hits="0" branch="False" />
                <line number="407" hits="0" branch="False" />
                <line number="408" hits="0" branch="False" />
              </lines>
            </method>
          </methods>
          <lines>
            <line number="406" hits="0" branch="False" />
            <line number="407" hits="0" branch="False" />
            <line number="408" hits="0" branch="False" />
          </lines>
        </class>
      </classes>
    </package>
  </packages>
</coverage>